[makeShapeCards_wzRun3:INFO]:  >> Getting histograms for processes
[makeShapeCards_wzRun3:INFO]: List of nuisances considered: ['FSR', 'ISR', 'elecidsf', 'jestotal', 'lumi_2022_early', 'muonidsf', 'normZZ']
  bin   1  nominal   23.7551  varied   23.6848   ratio  0.99704   diff  0.00000
  bin   2  nominal  601.8704  varied  600.3770   ratio  0.99752   diff  0.00048
[makeShapeCards_wzRun3:INFO]: Is FSR nuisance shape? True
  bin   1  nominal   23.7551  varied   23.6848   ratio  0.99704   diff  0.00000
  bin   2  nominal  601.8704  varied  600.3770   ratio  0.99752   diff  0.00048
[makeShapeCards_wzRun3:INFO]: Is ISR nuisance shape? True
  bin   1  nominal   23.7551  varied   23.7551   ratio  1.00000   diff  0.00000
  bin   2  nominal  601.8704  varied  601.8704   ratio  1.00000   diff  0.00000
  bin   3  nominal  608.2037  varied  608.2037   ratio  1.00000   diff  0.00000
  bin   4  nominal  645.5148  varied  645.5148   ratio  1.00000   diff  0.00000
  bin   5  nominal  743.4533  varied  743.4533   ratio  1.00000   diff  0.00000
  bin   1  nominal   23.7551  varied   23.7551   ratio  1.00000   diff  0.00000
  bin   2  nominal  601.8704  varied  601.8704   ratio  1.00000   diff  0.00000
  bin   3  nominal  608.2037  varied  608.2037   ratio  1.00000   diff  0.00000
  bin   4  nominal  645.5148  varied  645.5148   ratio  1.00000   diff  0.00000
  bin   5  nominal  743.4533  varied  743.4533   ratio  1.00000   diff  0.00000
[makeShapeCards_wzRun3:INFO]: Is elecidsf nuisance shape? False
  bin   1  nominal    2.3636  varied    2.3636   ratio  1.00000   diff  0.00000
  bin   2  nominal   60.6127  varied   60.6127   ratio  1.00000   diff  0.00000
  bin   3  nominal   37.5559  varied   37.5559   ratio  1.00000   diff  0.00000
  bin   4  nominal   26.5820  varied   26.5820   ratio  1.00000   diff  0.00000
  bin   5  nominal   26.4942  varied   26.4942   ratio  1.00000   diff  0.00000
  bin   1  nominal    2.3636  varied    2.3636   ratio  1.00000   diff  0.00000
  bin   2  nominal   60.6127  varied   60.6127   ratio  1.00000   diff  0.00000
  bin   3  nominal   37.5559  varied   37.5559   ratio  1.00000   diff  0.00000
  bin   4  nominal   26.5820  varied   26.5820   ratio  1.00000   diff  0.00000
  bin   5  nominal   26.4942  varied   26.4942   ratio  1.00000   diff  0.00000
[makeShapeCards_wzRun3:INFO]: Is elecidsf nuisance shape? False
  bin   1  nominal   14.2614  varied   14.2614   ratio  1.00000   diff  0.00000
  bin   2  nominal  126.4340  varied  126.4340   ratio  1.00000   diff  0.00000
  bin   3  nominal   60.7578  varied   60.7578   ratio  1.00000   diff  0.00000
  bin   4  nominal   32.8970  varied   32.8970   ratio  1.00000   diff  0.00000
  bin   5  nominal   10.8224  varied   10.8224   ratio  1.00000   diff  0.00000
  bin   1  nominal   14.2614  varied   14.2614   ratio  1.00000   diff  0.00000
  bin   2  nominal  126.4340  varied  126.4340   ratio  1.00000   diff  0.00000
  bin   3  nominal   60.7578  varied   60.7578   ratio  1.00000   diff  0.00000
  bin   4  nominal   32.8970  varied   32.8970   ratio  1.00000   diff  0.00000
  bin   5  nominal   10.8224  varied   10.8224   ratio  1.00000   diff  0.00000
[makeShapeCards_wzRun3:INFO]: Is elecidsf nuisance shape? False
  bin   1  nominal    0.5510  varied    0.5510   ratio  1.00000   diff  0.00000
  bin   2  nominal   15.0921  varied   15.0921   ratio  1.00000   diff  0.00000
  bin   3  nominal   16.4137  varied   16.4137   ratio  1.00000   diff  0.00000
  bin   4  nominal   28.8327  varied   28.8327   ratio  1.00000   diff  0.00000
  bin   5  nominal   55.6192  varied   55.6192   ratio  1.00000   diff  0.00000
  bin   1  nominal    0.5510  varied    0.5510   ratio  1.00000   diff  0.00000
  bin   2  nominal   15.0921  varied   15.0921   ratio  1.00000   diff  0.00000
  bin   3  nominal   16.4137  varied   16.4137   ratio  1.00000   diff  0.00000
  bin   4  nominal   28.8327  varied   28.8327   ratio  1.00000   diff  0.00000
  bin   5  nominal   55.6192  varied   55.6192   ratio  1.00000   diff  0.00000
[makeShapeCards_wzRun3:INFO]: Is elecidsf nuisance shape? False
  bin   1  nominal    0.0000  varied    0.0000   ratio  1.00000   diff  0.00000
  bin   2  nominal    0.0000  varied    0.0000   ratio  1.00000   diff  0.00000
  bin   3  nominal    0.2026  varied    0.2026   ratio  1.00000   diff  0.00000
  bin   4  nominal    0.7980  varied    0.7980   ratio  1.00000   diff  0.00000
  bin   5  nominal    0.4099  varied    0.4099   ratio  1.00000   diff  0.00000
  bin   1  nominal    0.0000  varied    0.0000   ratio  1.00000   diff  0.00000
  bin   2  nominal    0.0000  varied    0.0000   ratio  1.00000   diff  0.00000
  bin   3  nominal    0.2026  varied    0.2026   ratio  1.00000   diff  0.00000
  bin   4  nominal    0.7980  varied    0.7980   ratio  1.00000   diff  0.00000
  bin   5  nominal    0.4099  varied    0.4099   ratio  1.00000   diff  0.00000
[makeShapeCards_wzRun3:INFO]: Is elecidsf nuisance shape? False
[makeShapeCards_wzRun3:WARNING]: Histogram x_fakes_VV has 0 content in bin 1 for nuisance elecidsf
[makeShapeCards_wzRun3:WARNING]: Big shift in template for wz-card fakes_VV elecidsf 0 in bin 1: variation = 0
[makeShapeCards_wzRun3:WARNING]: Histogram x_fakes_VV has 0 content in bin 2 for nuisance elecidsf
[makeShapeCards_wzRun3:WARNING]: Big shift in template for wz-card fakes_VV elecidsf 0 in bin 2: variation = 0
  bin   1  nominal   23.7551  varied   21.5638   ratio  0.90776   diff  0.00000
  bin   2  nominal  601.8704  varied  584.5632   ratio  0.97124   diff  0.06349
[makeShapeCards_wzRun3:INFO]: Is jestotal nuisance shape? True
[makeShapeCards_wzRun3:INFO]: Is jestotal nuisance shape? True
[makeShapeCards_wzRun3:INFO]: Is jestotal nuisance shape? True
[makeShapeCards_wzRun3:INFO]: Is jestotal nuisance shape? True
[makeShapeCards_wzRun3:INFO]: Is jestotal nuisance shape? True
  bin   1  nominal   23.7551  varied   25.1804   ratio  1.06000   diff  0.00000
  bin   2  nominal  601.8704  varied  637.9826   ratio  1.06000   diff  0.00000
  bin   3  nominal  608.2037  varied  644.6959   ratio  1.06000   diff  0.00000
  bin   4  nominal  645.5148  varied  684.2457   ratio  1.06000   diff  0.00000
  bin   5  nominal  743.4533  varied  788.0605   ratio  1.06000   diff  0.00000
  bin   1  nominal   23.7551  varied   22.4104   ratio  0.94340   diff  0.00000
  bin   2  nominal  601.8704  varied  567.8023   ratio  0.94340   diff -0.00000
  bin   3  nominal  608.2037  varied  573.7770   ratio  0.94340   diff  0.00000
  bin   4  nominal  645.5148  varied  608.9763   ratio  0.94340   diff  0.00000
  bin   5  nominal  743.4533  varied  701.3710   ratio  0.94340   diff  0.00000
[makeShapeCards_wzRun3:INFO]: Is lumi_2022_early nuisance shape? False
  bin   1  nominal    2.3636  varied    2.5055   ratio  1.06000   diff  0.00000
  bin   2  nominal   60.6127  varied   64.2495   ratio  1.06000   diff  0.00000
  bin   3  nominal   37.5559  varied   39.8093   ratio  1.06000   diff  0.00000
  bin   4  nominal   26.5820  varied   28.1770   ratio  1.06000   diff  0.00000
  bin   5  nominal   26.4942  varied   28.0839   ratio  1.06000   diff  0.00000
  bin   1  nominal    2.3636  varied    2.2298   ratio  0.94340   diff  0.00000
  bin   2  nominal   60.6127  varied   57.1818   ratio  0.94340   diff  0.00000
  bin   3  nominal   37.5559  varied   35.4301   ratio  0.94340   diff  0.00000
  bin   4  nominal   26.5820  varied   25.0774   ratio  0.94340   diff  0.00000
  bin   5  nominal   26.4942  varied   24.9945   ratio  0.94340   diff  0.00000
[makeShapeCards_wzRun3:INFO]: Is lumi_2022_early nuisance shape? False
  bin   1  nominal   14.2614  varied   15.1171   ratio  1.06000   diff  0.00000
  bin   2  nominal  126.4340  varied  134.0200   ratio  1.06000   diff  0.00000
  bin   3  nominal   60.7578  varied   64.4033   ratio  1.06000   diff  0.00000
  bin   4  nominal   32.8970  varied   34.8708   ratio  1.06000   diff  0.00000
  bin   5  nominal   10.8224  varied   11.4717   ratio  1.06000   diff  0.00000
  bin   1  nominal   14.2614  varied   13.4542   ratio  0.94340   diff  0.00000
  bin   2  nominal  126.4340  varied  119.2773   ratio  0.94340   diff  0.00000
  bin   3  nominal   60.7578  varied   57.3187   ratio  0.94340   diff  0.00000
  bin   4  nominal   32.8970  varied   31.0349   ratio  0.94340   diff  0.00000
  bin   5  nominal   10.8224  varied   10.2098   ratio  0.94340   diff  0.00000
[makeShapeCards_wzRun3:INFO]: Is lumi_2022_early nuisance shape? False
  bin   1  nominal    0.5510  varied    0.5840   ratio  1.06000   diff  0.00000
  bin   2  nominal   15.0921  varied   15.9976   ratio  1.06000   diff  0.00000
  bin   3  nominal   16.4137  varied   17.3985   ratio  1.06000   diff  0.00000
  bin   4  nominal   28.8327  varied   30.5626   ratio  1.06000   diff  0.00000
  bin   5  nominal   55.6192  varied   58.9564   ratio  1.06000   diff  0.00000
  bin   1  nominal    0.5510  varied    0.5198   ratio  0.94340   diff  0.00000
  bin   2  nominal   15.0921  varied   14.2378   ratio  0.94340   diff -0.00000
  bin   3  nominal   16.4137  varied   15.4846   ratio  0.94340   diff  0.00000
  bin   4  nominal   28.8327  varied   27.2006   ratio  0.94340   diff -0.00000
  bin   5  nominal   55.6192  varied   52.4710   ratio  0.94340   diff -0.00000
[makeShapeCards_wzRun3:INFO]: Is lumi_2022_early nuisance shape? False
  bin   1  nominal    0.0000  varied    0.0000   ratio  0.00000   diff  0.00000
  bin   2  nominal    0.0000  varied    0.0000   ratio  0.00000   diff  0.00000
  bin   3  nominal    0.2026  varied    0.2148   ratio  1.06000   diff  0.00000
  bin   4  nominal    0.7980  varied    0.8458   ratio  1.06000   diff  0.00000
  bin   5  nominal    0.4099  varied    0.4345   ratio  1.06000   diff  0.00000
  bin   1  nominal    0.0000  varied    0.0000   ratio  0.00000   diff  0.00000
  bin   2  nominal    0.0000  varied    0.0000   ratio  0.00000   diff  0.00000
  bin   3  nominal    0.2026  varied    0.1911   ratio  0.94340   diff  0.00000
  bin   4  nominal    0.7980  varied    0.7528   ratio  0.94340   diff  0.00000
  bin   5  nominal    0.4099  varied    0.3867   ratio  0.94340   diff  0.00000
[makeShapeCards_wzRun3:INFO]: Is lumi_2022_early nuisance shape? False
  bin   1  nominal   23.7551  varied   23.8531   ratio  1.00413   diff  0.00000
  bin   2  nominal  601.8704  varied  604.2297   ratio  1.00392   diff -0.00021
[makeShapeCards_wzRun3:INFO]: Is muonidsf nuisance shape? True
[makeShapeCards_wzRun3:INFO]: Is muonidsf nuisance shape? True
[makeShapeCards_wzRun3:INFO]: Is muonidsf nuisance shape? True
[makeShapeCards_wzRun3:INFO]: Is muonidsf nuisance shape? True
[makeShapeCards_wzRun3:INFO]: Is muonidsf nuisance shape? True
  bin   1  nominal    2.3636  varied    2.5055   ratio  1.06000   diff  0.00000
  bin   2  nominal   60.6127  varied   64.2495   ratio  1.06000   diff  0.00000
  bin   3  nominal   37.5559  varied   39.8093   ratio  1.06000   diff  0.00000
  bin   4  nominal   26.5820  varied   28.1770   ratio  1.06000   diff  0.00000
  bin   5  nominal   26.4942  varied   28.0839   ratio  1.06000   diff  0.00000
  bin   1  nominal    2.3636  varied    2.2298   ratio  0.94340   diff  0.00000
  bin   2  nominal   60.6127  varied   57.1818   ratio  0.94340   diff  0.00000
  bin   3  nominal   37.5559  varied   35.4301   ratio  0.94340   diff  0.00000
  bin   4  nominal   26.5820  varied   25.0774   ratio  0.94340   diff  0.00000
  bin   5  nominal   26.4942  varied   24.9945   ratio  0.94340   diff  0.00000
[makeShapeCards_wzRun3:INFO]: Is normZZ nuisance shape? False
[makeShapeCards_wzRun3:INFO]: Wrote to ./check_discriminant_vars/./rebin5/met/wz-card.txt and ./check_discriminant_vars/./rebin5/met/wz-card.root .
