[makeShapeCards_wzRun3:INFO]:  >> Getting histograms for processes
[makeShapeCards_wzRun3:INFO]: List of nuisances considered: ['FSR', 'ISR', 'elecidsf', 'jestotal', 'lumi_2022_early', 'muonidsf', 'normZZ']
  bin   1  nominal   12.7615  varied   12.7708   ratio  1.00072   diff  0.00000
  bin   2  nominal   62.7132  varied   62.5367   ratio  0.99719   diff -0.00354
[makeShapeCards_wzRun3:INFO]: Is FSR nuisance shape? True
  bin   1  nominal   12.7615  varied   12.7708   ratio  1.00072   diff  0.00000
  bin   2  nominal   62.7132  varied   62.5367   ratio  0.99719   diff -0.00354
[makeShapeCards_wzRun3:INFO]: Is ISR nuisance shape? True
  bin   1  nominal   12.7615  varied   12.7615   ratio  1.00000   diff  0.00000
  bin   2  nominal   62.7132  varied   62.7132   ratio  1.00000   diff  0.00000
  bin   3  nominal  114.6169  varied  114.6169   ratio  1.00000   diff  0.00000
  bin   4  nominal  171.0682  varied  171.0682   ratio  1.00000   diff  0.00000
  bin   5  nominal  195.6296  varied  195.6296   ratio  1.00000   diff  0.00000
  bin   6  nominal  207.2578  varied  207.2578   ratio  1.00000   diff  0.00000
  bin   7  nominal  238.3031  varied  238.3031   ratio  1.00000   diff  0.00000
  bin   8  nominal  216.5965  varied  216.5965   ratio  1.00000   diff  0.00000
  bin   9  nominal  193.6697  varied  193.6697   ratio  1.00000   diff  0.00000
  bin  10  nominal  179.4076  varied  179.4076   ratio  1.00000   diff  0.00000
  bin  11  nominal  226.9831  varied  226.9831   ratio  1.00000   diff  0.00000
  bin  12  nominal  181.2661  varied  181.2661   ratio  1.00000   diff  0.00000
  bin  13  nominal  233.6843  varied  233.6843   ratio  1.00000   diff  0.00000
  bin  14  nominal  388.8396  varied  388.8396   ratio  1.00000   diff  0.00000
  bin   1  nominal   12.7615  varied   12.7615   ratio  1.00000   diff  0.00000
  bin   2  nominal   62.7132  varied   62.7132   ratio  1.00000   diff  0.00000
  bin   3  nominal  114.6169  varied  114.6169   ratio  1.00000   diff  0.00000
  bin   4  nominal  171.0682  varied  171.0682   ratio  1.00000   diff  0.00000
  bin   5  nominal  195.6296  varied  195.6296   ratio  1.00000   diff  0.00000
  bin   6  nominal  207.2578  varied  207.2578   ratio  1.00000   diff  0.00000
  bin   7  nominal  238.3031  varied  238.3031   ratio  1.00000   diff  0.00000
  bin   8  nominal  216.5965  varied  216.5965   ratio  1.00000   diff  0.00000
  bin   9  nominal  193.6697  varied  193.6697   ratio  1.00000   diff  0.00000
  bin  10  nominal  179.4076  varied  179.4076   ratio  1.00000   diff  0.00000
  bin  11  nominal  226.9831  varied  226.9831   ratio  1.00000   diff  0.00000
  bin  12  nominal  181.2661  varied  181.2661   ratio  1.00000   diff  0.00000
  bin  13  nominal  233.6843  varied  233.6843   ratio  1.00000   diff  0.00000
  bin  14  nominal  388.8396  varied  388.8396   ratio  1.00000   diff  0.00000
[makeShapeCards_wzRun3:INFO]: Is elecidsf nuisance shape? False
  bin   1  nominal    0.7496  varied    0.7496   ratio  1.00000   diff  0.00000
  bin   2  nominal    1.5263  varied    1.5263   ratio  1.00000   diff  0.00000
  bin   3  nominal   14.3114  varied   14.3114   ratio  1.00000   diff  0.00000
  bin   4  nominal   14.4888  varied   14.4888   ratio  1.00000   diff  0.00000
  bin   5  nominal   15.3848  varied   15.3848   ratio  1.00000   diff  0.00000
  bin   6  nominal   12.9703  varied   12.9703   ratio  1.00000   diff  0.00000
  bin   7  nominal   12.7029  varied   12.7029   ratio  1.00000   diff  0.00000
  bin   8  nominal   13.8603  varied   13.8603   ratio  1.00000   diff  0.00000
  bin   9  nominal    9.3105  varied    9.3105   ratio  1.00000   diff  0.00000
  bin  10  nominal    7.6570  varied    7.6570   ratio  1.00000   diff  0.00000
  bin  11  nominal   11.5267  varied   11.5267   ratio  1.00000   diff  0.00000
  bin  12  nominal    8.5336  varied    8.5336   ratio  1.00000   diff  0.00000
  bin  13  nominal   12.8300  varied   12.8300   ratio  1.00000   diff  0.00000
  bin  14  nominal   17.7564  varied   17.7564   ratio  1.00000   diff  0.00000
  bin   1  nominal    0.7496  varied    0.7496   ratio  1.00000   diff  0.00000
  bin   2  nominal    1.5263  varied    1.5263   ratio  1.00000   diff  0.00000
  bin   3  nominal   14.3114  varied   14.3114   ratio  1.00000   diff  0.00000
  bin   4  nominal   14.4888  varied   14.4888   ratio  1.00000   diff  0.00000
  bin   5  nominal   15.3848  varied   15.3848   ratio  1.00000   diff  0.00000
  bin   6  nominal   12.9703  varied   12.9703   ratio  1.00000   diff  0.00000
  bin   7  nominal   12.7029  varied   12.7029   ratio  1.00000   diff  0.00000
  bin   8  nominal   13.8603  varied   13.8603   ratio  1.00000   diff  0.00000
  bin   9  nominal    9.3105  varied    9.3105   ratio  1.00000   diff  0.00000
  bin  10  nominal    7.6570  varied    7.6570   ratio  1.00000   diff  0.00000
  bin  11  nominal   11.5267  varied   11.5267   ratio  1.00000   diff  0.00000
  bin  12  nominal    8.5336  varied    8.5336   ratio  1.00000   diff  0.00000
  bin  13  nominal   12.8300  varied   12.8300   ratio  1.00000   diff  0.00000
  bin  14  nominal   17.7564  varied   17.7564   ratio  1.00000   diff  0.00000
[makeShapeCards_wzRun3:INFO]: Is elecidsf nuisance shape? False
  bin   1  nominal    7.1697  varied    7.1697   ratio  1.00000   diff  0.00000
  bin   2  nominal    3.7305  varied    3.7305   ratio  1.00000   diff  0.00000
  bin   3  nominal   21.3350  varied   21.3350   ratio  1.00000   diff  0.00000
  bin   4  nominal   54.0096  varied   54.0096   ratio  1.00000   diff  0.00000
  bin   5  nominal    7.3893  varied    7.3893   ratio  1.00000   diff  0.00000
  bin   6  nominal   32.3094  varied   32.3094   ratio  1.00000   diff  0.00000
  bin   7  nominal   24.9549  varied   24.9549   ratio  1.00000   diff  0.00000
  bin   8  nominal   17.6948  varied   17.6948   ratio  1.00000   diff  0.00000
  bin   9  nominal   10.7623  varied   10.7623   ratio  1.00000   diff  0.00000
  bin  10  nominal   14.8539  varied   14.8539   ratio  1.00000   diff  0.00000
  bin  11  nominal   25.5212  varied   25.5212   ratio  1.00000   diff  0.00000
  bin  12  nominal    3.6492  varied    3.6492   ratio  1.00000   diff  0.00000
  bin  13  nominal   14.4985  varied   14.4985   ratio  1.00000   diff  0.00000
  bin  14  nominal    7.2944  varied    7.2944   ratio  1.00000   diff  0.00000
  bin   1  nominal    7.1697  varied    7.1697   ratio  1.00000   diff  0.00000
  bin   2  nominal    3.7305  varied    3.7305   ratio  1.00000   diff  0.00000
  bin   3  nominal   21.3350  varied   21.3350   ratio  1.00000   diff  0.00000
  bin   4  nominal   54.0096  varied   54.0096   ratio  1.00000   diff  0.00000
  bin   5  nominal    7.3893  varied    7.3893   ratio  1.00000   diff  0.00000
  bin   6  nominal   32.3094  varied   32.3094   ratio  1.00000   diff  0.00000
  bin   7  nominal   24.9549  varied   24.9549   ratio  1.00000   diff  0.00000
  bin   8  nominal   17.6948  varied   17.6948   ratio  1.00000   diff  0.00000
  bin   9  nominal   10.7623  varied   10.7623   ratio  1.00000   diff  0.00000
  bin  10  nominal   14.8539  varied   14.8539   ratio  1.00000   diff  0.00000
  bin  11  nominal   25.5212  varied   25.5212   ratio  1.00000   diff  0.00000
  bin  12  nominal    3.6492  varied    3.6492   ratio  1.00000   diff  0.00000
  bin  13  nominal   14.4985  varied   14.4985   ratio  1.00000   diff  0.00000
  bin  14  nominal    7.2944  varied    7.2944   ratio  1.00000   diff  0.00000
[makeShapeCards_wzRun3:INFO]: Is elecidsf nuisance shape? False
  bin   1  nominal    1.1320  varied    1.1320   ratio  1.00000   diff  0.00000
  bin   2  nominal    4.5367  varied    4.5367   ratio  1.00000   diff  0.00000
  bin   3  nominal    5.7104  varied    5.7104   ratio  1.00000   diff  0.00000
  bin   4  nominal    7.9157  varied    7.9157   ratio  1.00000   diff  0.00000
  bin   5  nominal    9.9620  varied    9.9620   ratio  1.00000   diff  0.00000
  bin   6  nominal   10.9789  varied   10.9789   ratio  1.00000   diff  0.00000
  bin   7  nominal   10.9574  varied   10.9574   ratio  1.00000   diff  0.00000
  bin   8  nominal    8.7887  varied    8.7887   ratio  1.00000   diff  0.00000
  bin   9  nominal    7.4134  varied    7.4134   ratio  1.00000   diff  0.00000
  bin  10  nominal    8.7176  varied    8.7176   ratio  1.00000   diff  0.00000
  bin  11  nominal    9.1410  varied    9.1410   ratio  1.00000   diff  0.00000
  bin  12  nominal    9.2798  varied    9.2798   ratio  1.00000   diff  0.00000
  bin  13  nominal   10.2033  varied   10.2033   ratio  1.00000   diff  0.00000
  bin  14  nominal   11.7719  varied   11.7719   ratio  1.00000   diff  0.00000
  bin   1  nominal    1.1320  varied    1.1320   ratio  1.00000   diff  0.00000
  bin   2  nominal    4.5367  varied    4.5367   ratio  1.00000   diff  0.00000
  bin   3  nominal    5.7104  varied    5.7104   ratio  1.00000   diff  0.00000
  bin   4  nominal    7.9157  varied    7.9157   ratio  1.00000   diff  0.00000
  bin   5  nominal    9.9620  varied    9.9620   ratio  1.00000   diff  0.00000
  bin   6  nominal   10.9789  varied   10.9789   ratio  1.00000   diff  0.00000
  bin   7  nominal   10.9574  varied   10.9574   ratio  1.00000   diff  0.00000
  bin   8  nominal    8.7887  varied    8.7887   ratio  1.00000   diff  0.00000
  bin   9  nominal    7.4134  varied    7.4134   ratio  1.00000   diff  0.00000
  bin  10  nominal    8.7176  varied    8.7176   ratio  1.00000   diff  0.00000
  bin  11  nominal    9.1410  varied    9.1410   ratio  1.00000   diff  0.00000
  bin  12  nominal    9.2798  varied    9.2798   ratio  1.00000   diff  0.00000
  bin  13  nominal   10.2033  varied   10.2033   ratio  1.00000   diff  0.00000
  bin  14  nominal   11.7719  varied   11.7719   ratio  1.00000   diff  0.00000
[makeShapeCards_wzRun3:INFO]: Is elecidsf nuisance shape? False
  bin   1  nominal    0.2039  varied    0.2039   ratio  1.00000   diff  0.00000
  bin   2  nominal    0.1993  varied    0.1993   ratio  1.00000   diff  0.00000
  bin   3  nominal    0.0000  varied    0.0000   ratio  1.00000   diff  0.00000
  bin   4  nominal    0.0000  varied    0.0000   ratio  1.00000   diff  0.00000
  bin   5  nominal    0.0000  varied    0.0000   ratio  1.00000   diff  0.00000
  bin   6  nominal    0.0000  varied    0.0000   ratio  1.00000   diff  0.00000
  bin   7  nominal    0.2060  varied    0.2060   ratio  1.00000   diff  0.00000
  bin   8  nominal    0.0000  varied    0.0000   ratio  1.00000   diff  0.00000
  bin   9  nominal    0.0000  varied    0.0000   ratio  1.00000   diff  0.00000
  bin  10  nominal    0.2026  varied    0.2026   ratio  1.00000   diff  0.00000
  bin  11  nominal    0.1938  varied    0.1938   ratio  1.00000   diff  0.00000
  bin  12  nominal    0.0000  varied    0.0000   ratio  1.00000   diff  0.00000
  bin  13  nominal    0.1992  varied    0.1992   ratio  1.00000   diff  0.00000
  bin  14  nominal    0.2057  varied    0.2057   ratio  1.00000   diff  0.00000
  bin   1  nominal    0.2039  varied    0.2039   ratio  1.00000   diff  0.00000
  bin   2  nominal    0.1993  varied    0.1993   ratio  1.00000   diff  0.00000
  bin   3  nominal    0.0000  varied    0.0000   ratio  1.00000   diff  0.00000
  bin   4  nominal    0.0000  varied    0.0000   ratio  1.00000   diff  0.00000
  bin   5  nominal    0.0000  varied    0.0000   ratio  1.00000   diff  0.00000
  bin   6  nominal    0.0000  varied    0.0000   ratio  1.00000   diff  0.00000
  bin   7  nominal    0.2060  varied    0.2060   ratio  1.00000   diff  0.00000
  bin   8  nominal    0.0000  varied    0.0000   ratio  1.00000   diff  0.00000
  bin   9  nominal    0.0000  varied    0.0000   ratio  1.00000   diff  0.00000
  bin  10  nominal    0.2026  varied    0.2026   ratio  1.00000   diff  0.00000
  bin  11  nominal    0.1938  varied    0.1938   ratio  1.00000   diff  0.00000
  bin  12  nominal    0.0000  varied    0.0000   ratio  1.00000   diff  0.00000
  bin  13  nominal    0.1992  varied    0.1992   ratio  1.00000   diff  0.00000
  bin  14  nominal    0.2057  varied    0.2057   ratio  1.00000   diff  0.00000
[makeShapeCards_wzRun3:INFO]: Is elecidsf nuisance shape? False
[makeShapeCards_wzRun3:WARNING]: Histogram x_fakes_VV has 0 content in bin 3 for nuisance elecidsf
[makeShapeCards_wzRun3:WARNING]: Big shift in template for wz-card fakes_VV elecidsf 0 in bin 3: variation = 0
[makeShapeCards_wzRun3:WARNING]: Histogram x_fakes_VV has 0 content in bin 4 for nuisance elecidsf
[makeShapeCards_wzRun3:WARNING]: Big shift in template for wz-card fakes_VV elecidsf 0 in bin 4: variation = 0
[makeShapeCards_wzRun3:WARNING]: Histogram x_fakes_VV has 0 content in bin 5 for nuisance elecidsf
[makeShapeCards_wzRun3:WARNING]: Big shift in template for wz-card fakes_VV elecidsf 0 in bin 5: variation = 0
[makeShapeCards_wzRun3:WARNING]: Histogram x_fakes_VV has 0 content in bin 6 for nuisance elecidsf
[makeShapeCards_wzRun3:WARNING]: Big shift in template for wz-card fakes_VV elecidsf 0 in bin 6: variation = 0
[makeShapeCards_wzRun3:WARNING]: Histogram x_fakes_VV has 0 content in bin 8 for nuisance elecidsf
[makeShapeCards_wzRun3:WARNING]: Big shift in template for wz-card fakes_VV elecidsf 0 in bin 8: variation = 0
[makeShapeCards_wzRun3:WARNING]: Histogram x_fakes_VV has 0 content in bin 9 for nuisance elecidsf
[makeShapeCards_wzRun3:WARNING]: Big shift in template for wz-card fakes_VV elecidsf 0 in bin 9: variation = 0
[makeShapeCards_wzRun3:WARNING]: Histogram x_fakes_VV has 0 content in bin 12 for nuisance elecidsf
[makeShapeCards_wzRun3:WARNING]: Big shift in template for wz-card fakes_VV elecidsf 0 in bin 12: variation = 0
  bin   1  nominal   12.7615  varied   12.9582   ratio  1.01541   diff  0.00000
  bin   2  nominal   62.7132  varied   63.2656   ratio  1.00881   diff -0.00660
[makeShapeCards_wzRun3:INFO]: Is jestotal nuisance shape? True
[makeShapeCards_wzRun3:INFO]: Is jestotal nuisance shape? True
[makeShapeCards_wzRun3:INFO]: Is jestotal nuisance shape? True
[makeShapeCards_wzRun3:INFO]: Is jestotal nuisance shape? True
[makeShapeCards_wzRun3:INFO]: Is jestotal nuisance shape? True
  bin   1  nominal   12.7615  varied   13.5272   ratio  1.06000   diff  0.00000
  bin   2  nominal   62.7132  varied   66.4760   ratio  1.06000   diff  0.00000
  bin   3  nominal  114.6169  varied  121.4939   ratio  1.06000   diff  0.00000
  bin   4  nominal  171.0682  varied  181.3323   ratio  1.06000   diff  0.00000
  bin   5  nominal  195.6296  varied  207.3674   ratio  1.06000   diff  0.00000
  bin   6  nominal  207.2578  varied  219.6933   ratio  1.06000   diff  0.00000
  bin   7  nominal  238.3031  varied  252.6013   ratio  1.06000   diff  0.00000
  bin   8  nominal  216.5965  varied  229.5923   ratio  1.06000   diff  0.00000
  bin   9  nominal  193.6697  varied  205.2899   ratio  1.06000   diff  0.00000
  bin  10  nominal  179.4076  varied  190.1721   ratio  1.06000   diff  0.00000
  bin  11  nominal  226.9831  varied  240.6021   ratio  1.06000   diff  0.00000
  bin  12  nominal  181.2661  varied  192.1421   ratio  1.06000   diff  0.00000
  bin  13  nominal  233.6843  varied  247.7054   ratio  1.06000   diff  0.00000
  bin  14  nominal  388.8396  varied  412.1699   ratio  1.06000   diff  0.00000
  bin   1  nominal   12.7615  varied   12.0392   ratio  0.94340   diff  0.00000
  bin   2  nominal   62.7132  varied   59.1634   ratio  0.94340   diff  0.00000
  bin   3  nominal  114.6169  varied  108.1291   ratio  0.94340   diff  0.00000
  bin   4  nominal  171.0682  varied  161.3851   ratio  0.94340   diff  0.00000
  bin   5  nominal  195.6296  varied  184.5562   ratio  0.94340   diff  0.00000
  bin   6  nominal  207.2578  varied  195.5262   ratio  0.94340   diff  0.00000
  bin   7  nominal  238.3031  varied  224.8142   ratio  0.94340   diff  0.00000
  bin   8  nominal  216.5965  varied  204.3363   ratio  0.94340   diff  0.00000
  bin   9  nominal  193.6697  varied  182.7073   ratio  0.94340   diff  0.00000
  bin  10  nominal  179.4076  varied  169.2525   ratio  0.94340   diff  0.00000
  bin  11  nominal  226.9831  varied  214.1350   ratio  0.94340   diff  0.00000
  bin  12  nominal  181.2661  varied  171.0058   ratio  0.94340   diff  0.00000
  bin  13  nominal  233.6843  varied  220.4569   ratio  0.94340   diff  0.00000
  bin  14  nominal  388.8396  varied  366.8298   ratio  0.94340   diff  0.00000
[makeShapeCards_wzRun3:INFO]: Is lumi_2022_early nuisance shape? False
  bin   1  nominal    0.7496  varied    0.7946   ratio  1.06000   diff  0.00000
  bin   2  nominal    1.5263  varied    1.6179   ratio  1.06000   diff  0.00000
  bin   3  nominal   14.3114  varied   15.1700   ratio  1.06000   diff  0.00000
  bin   4  nominal   14.4888  varied   15.3581   ratio  1.06000   diff  0.00000
  bin   5  nominal   15.3848  varied   16.3079   ratio  1.06000   diff  0.00000
  bin   6  nominal   12.9703  varied   13.7485   ratio  1.06000   diff  0.00000
  bin   7  nominal   12.7029  varied   13.4650   ratio  1.06000   diff  0.00000
  bin   8  nominal   13.8603  varied   14.6919   ratio  1.06000   diff  0.00000
  bin   9  nominal    9.3105  varied    9.8691   ratio  1.06000   diff  0.00000
  bin  10  nominal    7.6570  varied    8.1164   ratio  1.06000   diff  0.00000
  bin  11  nominal   11.5267  varied   12.2183   ratio  1.06000   diff  0.00000
  bin  12  nominal    8.5336  varied    9.0456   ratio  1.06000   diff  0.00000
  bin  13  nominal   12.8300  varied   13.5998   ratio  1.06000   diff  0.00000
  bin  14  nominal   17.7564  varied   18.8218   ratio  1.06000   diff  0.00000
  bin   1  nominal    0.7496  varied    0.7072   ratio  0.94340   diff  0.00000
  bin   2  nominal    1.5263  varied    1.4399   ratio  0.94340   diff -0.00000
  bin   3  nominal   14.3114  varied   13.5013   ratio  0.94340   diff  0.00000
  bin   4  nominal   14.4888  varied   13.6687   ratio  0.94340   diff  0.00000
  bin   5  nominal   15.3848  varied   14.5140   ratio  0.94340   diff  0.00000
  bin   6  nominal   12.9703  varied   12.2361   ratio  0.94340   diff  0.00000
  bin   7  nominal   12.7029  varied   11.9838   ratio  0.94340   diff  0.00000
  bin   8  nominal   13.8603  varied   13.0757   ratio  0.94340   diff  0.00000
  bin   9  nominal    9.3105  varied    8.7835   ratio  0.94340   diff -0.00000
  bin  10  nominal    7.6570  varied    7.2236   ratio  0.94340   diff  0.00000
  bin  11  nominal   11.5267  varied   10.8742   ratio  0.94340   diff  0.00000
  bin  12  nominal    8.5336  varied    8.0506   ratio  0.94340   diff  0.00000
  bin  13  nominal   12.8300  varied   12.1038   ratio  0.94340   diff  0.00000
  bin  14  nominal   17.7564  varied   16.7513   ratio  0.94340   diff -0.00000
[makeShapeCards_wzRun3:INFO]: Is lumi_2022_early nuisance shape? False
  bin   1  nominal    7.1697  varied    7.5998   ratio  1.06000   diff  0.00000
  bin   2  nominal    3.7305  varied    3.9543   ratio  1.06000   diff  0.00000
  bin   3  nominal   21.3350  varied   22.6151   ratio  1.06000   diff  0.00000
  bin   4  nominal   54.0096  varied   57.2502   ratio  1.06000   diff  0.00000
  bin   5  nominal    7.3893  varied    7.8327   ratio  1.06000   diff  0.00000
  bin   6  nominal   32.3094  varied   34.2479   ratio  1.06000   diff  0.00000
  bin   7  nominal   24.9549  varied   26.4522   ratio  1.06000   diff  0.00000
  bin   8  nominal   17.6948  varied   18.7565   ratio  1.06000   diff  0.00000
  bin   9  nominal   10.7623  varied   11.4081   ratio  1.06000   diff  0.00000
  bin  10  nominal   14.8539  varied   15.7451   ratio  1.06000   diff  0.00000
  bin  11  nominal   25.5212  varied   27.0524   ratio  1.06000   diff  0.00000
  bin  12  nominal    3.6492  varied    3.8681   ratio  1.06000   diff  0.00000
  bin  13  nominal   14.4985  varied   15.3684   ratio  1.06000   diff  0.00000
  bin  14  nominal    7.2944  varied    7.7321   ratio  1.06000   diff  0.00000
  bin   1  nominal    7.1697  varied    6.7638   ratio  0.94340   diff  0.00000
  bin   2  nominal    3.7305  varied    3.5194   ratio  0.94340   diff  0.00000
  bin   3  nominal   21.3350  varied   20.1273   ratio  0.94340   diff  0.00000
  bin   4  nominal   54.0096  varied   50.9524   ratio  0.94340   diff  0.00000
  bin   5  nominal    7.3893  varied    6.9711   ratio  0.94340   diff  0.00000
  bin   6  nominal   32.3094  varied   30.4806   ratio  0.94340   diff  0.00000
  bin   7  nominal   24.9549  varied   23.5424   ratio  0.94340   diff  0.00000
  bin   8  nominal   17.6948  varied   16.6933   ratio  0.94340   diff  0.00000
  bin   9  nominal   10.7623  varied   10.1531   ratio  0.94340   diff  0.00000
  bin  10  nominal   14.8539  varied   14.0131   ratio  0.94340   diff  0.00000
  bin  11  nominal   25.5212  varied   24.0766   ratio  0.94340   diff  0.00000
  bin  12  nominal    3.6492  varied    3.4426   ratio  0.94340   diff  0.00000
  bin  13  nominal   14.4985  varied   13.6779   ratio  0.94340   diff  0.00000
  bin  14  nominal    7.2944  varied    6.8815   ratio  0.94340   diff  0.00000
[makeShapeCards_wzRun3:INFO]: Is lumi_2022_early nuisance shape? False
  bin   1  nominal    1.1320  varied    1.1999   ratio  1.06000   diff  0.00000
  bin   2  nominal    4.5367  varied    4.8089   ratio  1.06000   diff  0.00000
  bin   3  nominal    5.7104  varied    6.0530   ratio  1.06000   diff  0.00000
  bin   4  nominal    7.9157  varied    8.3906   ratio  1.06000   diff  0.00000
  bin   5  nominal    9.9620  varied   10.5597   ratio  1.06000   diff  0.00000
  bin   6  nominal   10.9789  varied   11.6376   ratio  1.06000   diff  0.00000
  bin   7  nominal   10.9574  varied   11.6148   ratio  1.06000   diff  0.00000
  bin   8  nominal    8.7887  varied    9.3160   ratio  1.06000   diff  0.00000
  bin   9  nominal    7.4134  varied    7.8582   ratio  1.06000   diff  0.00000
  bin  10  nominal    8.7176  varied    9.2406   ratio  1.06000   diff  0.00000
  bin  11  nominal    9.1410  varied    9.6895   ratio  1.06000   diff  0.00000
  bin  12  nominal    9.2798  varied    9.8366   ratio  1.06000   diff  0.00000
  bin  13  nominal   10.2033  varied   10.8155   ratio  1.06000   diff  0.00000
  bin  14  nominal   11.7719  varied   12.4783   ratio  1.06000   diff  0.00000
  bin   1  nominal    1.1320  varied    1.0679   ratio  0.94340   diff  0.00000
  bin   2  nominal    4.5367  varied    4.2799   ratio  0.94340   diff  0.00000
  bin   3  nominal    5.7104  varied    5.3871   ratio  0.94340   diff  0.00000
  bin   4  nominal    7.9157  varied    7.4676   ratio  0.94340   diff  0.00000
  bin   5  nominal    9.9620  varied    9.3981   ratio  0.94340   diff  0.00000
  bin   6  nominal   10.9789  varied   10.3574   ratio  0.94340   diff  0.00000
  bin   7  nominal   10.9574  varied   10.3372   ratio  0.94340   diff  0.00000
  bin   8  nominal    8.7887  varied    8.2912   ratio  0.94340   diff  0.00000
  bin   9  nominal    7.4134  varied    6.9937   ratio  0.94340   diff  0.00000
  bin  10  nominal    8.7176  varied    8.2241   ratio  0.94340   diff  0.00000
  bin  11  nominal    9.1410  varied    8.6236   ratio  0.94340   diff  0.00000
  bin  12  nominal    9.2798  varied    8.7545   ratio  0.94340   diff  0.00000
  bin  13  nominal   10.2033  varied    9.6258   ratio  0.94340   diff  0.00000
  bin  14  nominal   11.7719  varied   11.1056   ratio  0.94340   diff  0.00000
[makeShapeCards_wzRun3:INFO]: Is lumi_2022_early nuisance shape? False
  bin   1  nominal    0.2039  varied    0.2161   ratio  1.06000   diff  0.00000
  bin   2  nominal    0.1993  varied    0.2112   ratio  1.06000   diff  0.00000
  bin   3  nominal    0.0000  varied    0.0000   ratio  0.00000   diff -1.06000
  bin   4  nominal    0.0000  varied    0.0000   ratio  0.00000   diff -1.06000
  bin   5  nominal    0.0000  varied    0.0000   ratio  0.00000   diff -1.06000
  bin   6  nominal    0.0000  varied    0.0000   ratio  0.00000   diff -1.06000
  bin   7  nominal    0.2060  varied    0.2184   ratio  1.06000   diff  0.00000
  bin   8  nominal    0.0000  varied    0.0000   ratio  0.00000   diff -1.06000
  bin   9  nominal    0.0000  varied    0.0000   ratio  0.00000   diff -1.06000
  bin  10  nominal    0.2026  varied    0.2148   ratio  1.06000   diff  0.00000
  bin  11  nominal    0.1938  varied    0.2055   ratio  1.06000   diff  0.00000
  bin  12  nominal    0.0000  varied    0.0000   ratio  0.00000   diff -1.06000
  bin  13  nominal    0.1992  varied    0.2111   ratio  1.06000   diff  0.00000
  bin  14  nominal    0.2057  varied    0.2181   ratio  1.06000   diff  0.00000
  bin   1  nominal    0.2039  varied    0.1923   ratio  0.94340   diff  0.00000
  bin   2  nominal    0.1993  varied    0.1880   ratio  0.94340   diff -0.00000
  bin   3  nominal    0.0000  varied    0.0000   ratio  0.00000   diff -0.94340
  bin   4  nominal    0.0000  varied    0.0000   ratio  0.00000   diff -0.94340
  bin   5  nominal    0.0000  varied    0.0000   ratio  0.00000   diff -0.94340
  bin   6  nominal    0.0000  varied    0.0000   ratio  0.00000   diff -0.94340
  bin   7  nominal    0.2060  varied    0.1944   ratio  0.94340   diff  0.00000
  bin   8  nominal    0.0000  varied    0.0000   ratio  0.00000   diff -0.94340
  bin   9  nominal    0.0000  varied    0.0000   ratio  0.00000   diff -0.94340
  bin  10  nominal    0.2026  varied    0.1911   ratio  0.94340   diff -0.00000
  bin  11  nominal    0.1938  varied    0.1829   ratio  0.94340   diff  0.00000
  bin  12  nominal    0.0000  varied    0.0000   ratio  0.00000   diff -0.94340
  bin  13  nominal    0.1992  varied    0.1879   ratio  0.94340   diff  0.00000
  bin  14  nominal    0.2057  varied    0.1941   ratio  0.94340   diff  0.00000
[makeShapeCards_wzRun3:INFO]: Is lumi_2022_early nuisance shape? False
  bin   1  nominal   12.7615  varied   12.8353   ratio  1.00578   diff  0.00000
  bin   2  nominal   62.7132  varied   63.0191   ratio  1.00488   diff -0.00090
[makeShapeCards_wzRun3:INFO]: Is muonidsf nuisance shape? True
[makeShapeCards_wzRun3:INFO]: Is muonidsf nuisance shape? True
[makeShapeCards_wzRun3:INFO]: Is muonidsf nuisance shape? True
[makeShapeCards_wzRun3:INFO]: Is muonidsf nuisance shape? True
[makeShapeCards_wzRun3:INFO]: Is muonidsf nuisance shape? True
  bin   1  nominal    0.7496  varied    0.7946   ratio  1.06000   diff  0.00000
  bin   2  nominal    1.5263  varied    1.6179   ratio  1.06000   diff  0.00000
  bin   3  nominal   14.3114  varied   15.1700   ratio  1.06000   diff  0.00000
  bin   4  nominal   14.4888  varied   15.3581   ratio  1.06000   diff  0.00000
  bin   5  nominal   15.3848  varied   16.3079   ratio  1.06000   diff  0.00000
  bin   6  nominal   12.9703  varied   13.7485   ratio  1.06000   diff  0.00000
  bin   7  nominal   12.7029  varied   13.4650   ratio  1.06000   diff  0.00000
  bin   8  nominal   13.8603  varied   14.6919   ratio  1.06000   diff  0.00000
  bin   9  nominal    9.3105  varied    9.8691   ratio  1.06000   diff  0.00000
  bin  10  nominal    7.6570  varied    8.1164   ratio  1.06000   diff  0.00000
  bin  11  nominal   11.5267  varied   12.2183   ratio  1.06000   diff  0.00000
  bin  12  nominal    8.5336  varied    9.0456   ratio  1.06000   diff  0.00000
  bin  13  nominal   12.8300  varied   13.5998   ratio  1.06000   diff  0.00000
  bin  14  nominal   17.7564  varied   18.8218   ratio  1.06000   diff  0.00000
  bin   1  nominal    0.7496  varied    0.7072   ratio  0.94340   diff  0.00000
  bin   2  nominal    1.5263  varied    1.4399   ratio  0.94340   diff -0.00000
  bin   3  nominal   14.3114  varied   13.5013   ratio  0.94340   diff  0.00000
  bin   4  nominal   14.4888  varied   13.6687   ratio  0.94340   diff  0.00000
  bin   5  nominal   15.3848  varied   14.5140   ratio  0.94340   diff  0.00000
  bin   6  nominal   12.9703  varied   12.2361   ratio  0.94340   diff  0.00000
  bin   7  nominal   12.7029  varied   11.9838   ratio  0.94340   diff  0.00000
  bin   8  nominal   13.8603  varied   13.0757   ratio  0.94340   diff  0.00000
  bin   9  nominal    9.3105  varied    8.7835   ratio  0.94340   diff -0.00000
  bin  10  nominal    7.6570  varied    7.2236   ratio  0.94340   diff  0.00000
  bin  11  nominal   11.5267  varied   10.8742   ratio  0.94340   diff  0.00000
  bin  12  nominal    8.5336  varied    8.0506   ratio  0.94340   diff  0.00000
  bin  13  nominal   12.8300  varied   12.1038   ratio  0.94340   diff  0.00000
  bin  14  nominal   17.7564  varied   16.7513   ratio  0.94340   diff -0.00000
[makeShapeCards_wzRun3:INFO]: Is normZZ nuisance shape? False
[makeShapeCards_wzRun3:INFO]: Wrote to ./check_discriminant_vars/./rebin14/m3l/wz-card.txt and ./check_discriminant_vars/./rebin14/m3l/wz-card.root .
