[makeShapeCards_wzRun3:INFO]:  >> Getting histograms for processes
[makeShapeCards_wzRun3:INFO]: List of nuisances considered: ['FSR', 'ISR', 'elecidsf', 'jestotal', 'lumi_2022_early', 'muonidsf', 'normZZ']
  bin   1  nominal   50.5240  varied   50.4111   ratio  0.99777   diff  0.00000
  bin   2  nominal  218.9222  varied  218.2924   ratio  0.99712   diff -0.00064
[makeShapeCards_wzRun3:INFO]: Is FSR nuisance shape? True
  bin   1  nominal   50.5240  varied   50.4111   ratio  0.99777   diff  0.00000
  bin   2  nominal  218.9222  varied  218.2924   ratio  0.99712   diff -0.00064
[makeShapeCards_wzRun3:INFO]: Is ISR nuisance shape? True
  bin   1  nominal   50.5240  varied   50.5240   ratio  1.00000   diff  0.00000
  bin   2  nominal  218.9222  varied  218.9222   ratio  1.00000   diff  0.00000
  bin   3  nominal  332.7811  varied  332.7811   ratio  1.00000   diff  0.00000
  bin   4  nominal  400.1231  varied  400.1231   ratio  1.00000   diff  0.00000
  bin   5  nominal  367.6891  varied  367.6891   ratio  1.00000   diff  0.00000
  bin   6  nominal  347.4536  varied  347.4536   ratio  1.00000   diff  0.00000
  bin   7  nominal  321.0799  varied  321.0799   ratio  1.00000   diff  0.00000
  bin   8  nominal  584.2242  varied  584.2242   ratio  1.00000   diff  0.00000
  bin   1  nominal   50.5240  varied   50.5240   ratio  1.00000   diff  0.00000
  bin   2  nominal  218.9222  varied  218.9222   ratio  1.00000   diff  0.00000
  bin   3  nominal  332.7811  varied  332.7811   ratio  1.00000   diff  0.00000
  bin   4  nominal  400.1231  varied  400.1231   ratio  1.00000   diff  0.00000
  bin   5  nominal  367.6891  varied  367.6891   ratio  1.00000   diff  0.00000
  bin   6  nominal  347.4536  varied  347.4536   ratio  1.00000   diff  0.00000
  bin   7  nominal  321.0799  varied  321.0799   ratio  1.00000   diff  0.00000
  bin   8  nominal  584.2242  varied  584.2242   ratio  1.00000   diff  0.00000
[makeShapeCards_wzRun3:INFO]: Is elecidsf nuisance shape? False
  bin   1  nominal    1.5157  varied    1.5157   ratio  1.00000   diff  0.00000
  bin   2  nominal   23.0850  varied   23.0850   ratio  1.00000   diff  0.00000
  bin   3  nominal   25.2636  varied   25.2636   ratio  1.00000   diff  0.00000
  bin   4  nominal   22.2698  varied   22.2698   ratio  1.00000   diff  0.00000
  bin   5  nominal   21.6047  varied   21.6047   ratio  1.00000   diff  0.00000
  bin   6  nominal   16.1481  varied   16.1481   ratio  1.00000   diff  0.00000
  bin   7  nominal   16.2349  varied   16.2349   ratio  1.00000   diff  0.00000
  bin   8  nominal   27.4868  varied   27.4868   ratio  1.00000   diff  0.00000
  bin   1  nominal    1.5157  varied    1.5157   ratio  1.00000   diff  0.00000
  bin   2  nominal   23.0850  varied   23.0850   ratio  1.00000   diff  0.00000
  bin   3  nominal   25.2636  varied   25.2636   ratio  1.00000   diff  0.00000
  bin   4  nominal   22.2698  varied   22.2698   ratio  1.00000   diff  0.00000
  bin   5  nominal   21.6047  varied   21.6047   ratio  1.00000   diff  0.00000
  bin   6  nominal   16.1481  varied   16.1481   ratio  1.00000   diff  0.00000
  bin   7  nominal   16.2349  varied   16.2349   ratio  1.00000   diff  0.00000
  bin   8  nominal   27.4868  varied   27.4868   ratio  1.00000   diff  0.00000
[makeShapeCards_wzRun3:INFO]: Is elecidsf nuisance shape? False
  bin   1  nominal   10.9002  varied   10.9002   ratio  1.00000   diff  0.00000
  bin   2  nominal   50.0348  varied   50.0348   ratio  1.00000   diff  0.00000
  bin   3  nominal   43.6942  varied   43.6942   ratio  1.00000   diff  0.00000
  bin   4  nominal   46.2692  varied   46.2692   ratio  1.00000   diff  0.00000
  bin   5  nominal   21.1788  varied   21.1788   ratio  1.00000   diff  0.00000
  bin   6  nominal   36.5499  varied   36.5499   ratio  1.00000   diff  0.00000
  bin   7  nominal   18.2132  varied   18.2132   ratio  1.00000   diff  0.00000
  bin   8  nominal   18.3324  varied   18.3324   ratio  1.00000   diff  0.00000
  bin   1  nominal   10.9002  varied   10.9002   ratio  1.00000   diff  0.00000
  bin   2  nominal   50.0348  varied   50.0348   ratio  1.00000   diff  0.00000
  bin   3  nominal   43.6942  varied   43.6942   ratio  1.00000   diff  0.00000
  bin   4  nominal   46.2692  varied   46.2692   ratio  1.00000   diff  0.00000
  bin   5  nominal   21.1788  varied   21.1788   ratio  1.00000   diff  0.00000
  bin   6  nominal   36.5499  varied   36.5499   ratio  1.00000   diff  0.00000
  bin   7  nominal   18.2132  varied   18.2132   ratio  1.00000   diff  0.00000
  bin   8  nominal   18.3324  varied   18.3324   ratio  1.00000   diff  0.00000
[makeShapeCards_wzRun3:INFO]: Is elecidsf nuisance shape? False
  bin   1  nominal    4.2655  varied    4.2655   ratio  1.00000   diff  0.00000
  bin   2  nominal   10.2998  varied   10.2998   ratio  1.00000   diff  0.00000
  bin   3  nominal   16.5204  varied   16.5204   ratio  1.00000   diff  0.00000
  bin   4  nominal   20.1073  varied   20.1073   ratio  1.00000   diff  0.00000
  bin   5  nominal   14.6663  varied   14.6663   ratio  1.00000   diff  0.00000
  bin   6  nominal   15.4268  varied   15.4268   ratio  1.00000   diff  0.00000
  bin   7  nominal   15.3857  varied   15.3857   ratio  1.00000   diff  0.00000
  bin   8  nominal   19.8368  varied   19.8368   ratio  1.00000   diff  0.00000
  bin   1  nominal    4.2655  varied    4.2655   ratio  1.00000   diff  0.00000
  bin   2  nominal   10.2998  varied   10.2998   ratio  1.00000   diff  0.00000
  bin   3  nominal   16.5204  varied   16.5204   ratio  1.00000   diff  0.00000
  bin   4  nominal   20.1073  varied   20.1073   ratio  1.00000   diff  0.00000
  bin   5  nominal   14.6663  varied   14.6663   ratio  1.00000   diff  0.00000
  bin   6  nominal   15.4268  varied   15.4268   ratio  1.00000   diff  0.00000
  bin   7  nominal   15.3857  varied   15.3857   ratio  1.00000   diff  0.00000
  bin   8  nominal   19.8368  varied   19.8368   ratio  1.00000   diff  0.00000
[makeShapeCards_wzRun3:INFO]: Is elecidsf nuisance shape? False
  bin   1  nominal    0.4031  varied    0.4031   ratio  1.00000   diff  0.00000
  bin   2  nominal    0.0000  varied    0.0000   ratio  1.00000   diff  0.00000
  bin   3  nominal    0.0000  varied    0.0000   ratio  1.00000   diff  0.00000
  bin   4  nominal    0.2060  varied    0.2060   ratio  1.00000   diff  0.00000
  bin   5  nominal    0.0000  varied    0.0000   ratio  1.00000   diff  0.00000
  bin   6  nominal    0.2026  varied    0.2026   ratio  1.00000   diff  0.00000
  bin   7  nominal    0.1938  varied    0.1938   ratio  1.00000   diff  0.00000
  bin   8  nominal    0.4049  varied    0.4049   ratio  1.00000   diff  0.00000
  bin   1  nominal    0.4031  varied    0.4031   ratio  1.00000   diff  0.00000
  bin   2  nominal    0.0000  varied    0.0000   ratio  1.00000   diff  0.00000
  bin   3  nominal    0.0000  varied    0.0000   ratio  1.00000   diff  0.00000
  bin   4  nominal    0.2060  varied    0.2060   ratio  1.00000   diff  0.00000
  bin   5  nominal    0.0000  varied    0.0000   ratio  1.00000   diff  0.00000
  bin   6  nominal    0.2026  varied    0.2026   ratio  1.00000   diff  0.00000
  bin   7  nominal    0.1938  varied    0.1938   ratio  1.00000   diff  0.00000
  bin   8  nominal    0.4049  varied    0.4049   ratio  1.00000   diff  0.00000
[makeShapeCards_wzRun3:INFO]: Is elecidsf nuisance shape? False
[makeShapeCards_wzRun3:WARNING]: Histogram x_fakes_VV has 0 content in bin 2 for nuisance elecidsf
[makeShapeCards_wzRun3:WARNING]: Big shift in template for wz-card fakes_VV elecidsf 0 in bin 2: variation = 0
[makeShapeCards_wzRun3:WARNING]: Histogram x_fakes_VV has 0 content in bin 3 for nuisance elecidsf
[makeShapeCards_wzRun3:WARNING]: Big shift in template for wz-card fakes_VV elecidsf 0 in bin 3: variation = 0
[makeShapeCards_wzRun3:WARNING]: Histogram x_fakes_VV has 0 content in bin 5 for nuisance elecidsf
[makeShapeCards_wzRun3:WARNING]: Big shift in template for wz-card fakes_VV elecidsf 0 in bin 5: variation = 0
  bin   1  nominal   50.5240  varied   51.0999   ratio  1.01140   diff  0.00000
  bin   2  nominal  218.9222  varied  221.7409   ratio  1.01288   diff  0.00148
[makeShapeCards_wzRun3:INFO]: Is jestotal nuisance shape? True
[makeShapeCards_wzRun3:INFO]: Is jestotal nuisance shape? True
[makeShapeCards_wzRun3:INFO]: Is jestotal nuisance shape? True
[makeShapeCards_wzRun3:INFO]: Is jestotal nuisance shape? True
[makeShapeCards_wzRun3:INFO]: Is jestotal nuisance shape? True
  bin   1  nominal   50.5240  varied   53.5554   ratio  1.06000   diff  0.00000
  bin   2  nominal  218.9222  varied  232.0575   ratio  1.06000   diff  0.00000
  bin   3  nominal  332.7811  varied  352.7480   ratio  1.06000   diff  0.00000
  bin   4  nominal  400.1231  varied  424.1305   ratio  1.06000   diff  0.00000
  bin   5  nominal  367.6891  varied  389.7505   ratio  1.06000   diff  0.00000
  bin   6  nominal  347.4536  varied  368.3009   ratio  1.06000   diff  0.00000
  bin   7  nominal  321.0799  varied  340.3447   ratio  1.06000   diff  0.00000
  bin   8  nominal  584.2242  varied  619.2777   ratio  1.06000   diff  0.00000
  bin   1  nominal   50.5240  varied   47.6641   ratio  0.94340   diff  0.00000
  bin   2  nominal  218.9222  varied  206.5303   ratio  0.94340   diff -0.00000
  bin   3  nominal  332.7811  varied  313.9445   ratio  0.94340   diff  0.00000
  bin   4  nominal  400.1231  varied  377.4746   ratio  0.94340   diff  0.00000
  bin   5  nominal  367.6891  varied  346.8765   ratio  0.94340   diff  0.00000
  bin   6  nominal  347.4536  varied  327.7864   ratio  0.94340   diff -0.00000
  bin   7  nominal  321.0799  varied  302.9056   ratio  0.94340   diff -0.00000
  bin   8  nominal  584.2242  varied  551.1549   ratio  0.94340   diff -0.00000
[makeShapeCards_wzRun3:INFO]: Is lumi_2022_early nuisance shape? False
  bin   1  nominal    1.5157  varied    1.6066   ratio  1.06000   diff  0.00000
  bin   2  nominal   23.0850  varied   24.4701   ratio  1.06000   diff  0.00000
  bin   3  nominal   25.2636  varied   26.7794   ratio  1.06000   diff  0.00000
  bin   4  nominal   22.2698  varied   23.6060   ratio  1.06000   diff  0.00000
  bin   5  nominal   21.6047  varied   22.9010   ratio  1.06000   diff  0.00000
  bin   6  nominal   16.1481  varied   17.1170   ratio  1.06000   diff  0.00000
  bin   7  nominal   16.2349  varied   17.2090   ratio  1.06000   diff  0.00000
  bin   8  nominal   27.4868  varied   29.1360   ratio  1.06000   diff  0.00000
  bin   1  nominal    1.5157  varied    1.4299   ratio  0.94340   diff  0.00000
  bin   2  nominal   23.0850  varied   21.7783   ratio  0.94340   diff  0.00000
  bin   3  nominal   25.2636  varied   23.8336   ratio  0.94340   diff  0.00000
  bin   4  nominal   22.2698  varied   21.0092   ratio  0.94340   diff  0.00000
  bin   5  nominal   21.6047  varied   20.3818   ratio  0.94340   diff -0.00000
  bin   6  nominal   16.1481  varied   15.2341   ratio  0.94340   diff  0.00000
  bin   7  nominal   16.2349  varied   15.3159   ratio  0.94340   diff  0.00000
  bin   8  nominal   27.4868  varied   25.9309   ratio  0.94340   diff  0.00000
[makeShapeCards_wzRun3:INFO]: Is lumi_2022_early nuisance shape? False
  bin   1  nominal   10.9002  varied   11.5542   ratio  1.06000   diff  0.00000
  bin   2  nominal   50.0348  varied   53.0368   ratio  1.06000   diff  0.00000
  bin   3  nominal   43.6942  varied   46.3159   ratio  1.06000   diff  0.00000
  bin   4  nominal   46.2692  varied   49.0453   ratio  1.06000   diff  0.00000
  bin   5  nominal   21.1788  varied   22.4495   ratio  1.06000   diff  0.00000
  bin   6  nominal   36.5499  varied   38.7428   ratio  1.06000   diff  0.00000
  bin   7  nominal   18.2132  varied   19.3060   ratio  1.06000   diff  0.00000
  bin   8  nominal   18.3324  varied   19.4324   ratio  1.06000   diff  0.00000
  bin   1  nominal   10.9002  varied   10.2832   ratio  0.94340   diff  0.00000
  bin   2  nominal   50.0348  varied   47.2026   ratio  0.94340   diff  0.00000
  bin   3  nominal   43.6942  varied   41.2210   ratio  0.94340   diff  0.00000
  bin   4  nominal   46.2692  varied   43.6502   ratio  0.94340   diff  0.00000
  bin   5  nominal   21.1788  varied   19.9800   ratio  0.94340   diff  0.00000
  bin   6  nominal   36.5499  varied   34.4810   ratio  0.94340   diff  0.00000
  bin   7  nominal   18.2132  varied   17.1823   ratio  0.94340   diff  0.00000
  bin   8  nominal   18.3324  varied   17.2948   ratio  0.94340   diff  0.00000
[makeShapeCards_wzRun3:INFO]: Is lumi_2022_early nuisance shape? False
  bin   1  nominal    4.2655  varied    4.5214   ratio  1.06000   diff  0.00000
  bin   2  nominal   10.2998  varied   10.9178   ratio  1.06000   diff  0.00000
  bin   3  nominal   16.5204  varied   17.5117   ratio  1.06000   diff  0.00000
  bin   4  nominal   20.1073  varied   21.3137   ratio  1.06000   diff  0.00000
  bin   5  nominal   14.6663  varied   15.5463   ratio  1.06000   diff  0.00000
  bin   6  nominal   15.4268  varied   16.3524   ratio  1.06000   diff  0.00000
  bin   7  nominal   15.3857  varied   16.3089   ratio  1.06000   diff  0.00000
  bin   8  nominal   19.8368  varied   21.0270   ratio  1.06000   diff  0.00000
  bin   1  nominal    4.2655  varied    4.0240   ratio  0.94340   diff  0.00000
  bin   2  nominal   10.2998  varied    9.7168   ratio  0.94340   diff -0.00000
  bin   3  nominal   16.5204  varied   15.5853   ratio  0.94340   diff -0.00000
  bin   4  nominal   20.1073  varied   18.9691   ratio  0.94340   diff -0.00000
  bin   5  nominal   14.6663  varied   13.8362   ratio  0.94340   diff -0.00000
  bin   6  nominal   15.4268  varied   14.5536   ratio  0.94340   diff -0.00000
  bin   7  nominal   15.3857  varied   14.5148   ratio  0.94340   diff -0.00000
  bin   8  nominal   19.8368  varied   18.7139   ratio  0.94340   diff  0.00000
[makeShapeCards_wzRun3:INFO]: Is lumi_2022_early nuisance shape? False
  bin   1  nominal    0.4031  varied    0.4273   ratio  1.06000   diff  0.00000
  bin   2  nominal    0.0000  varied    0.0000   ratio  0.00000   diff -1.06000
  bin   3  nominal    0.0000  varied    0.0000   ratio  0.00000   diff -1.06000
  bin   4  nominal    0.2060  varied    0.2184   ratio  1.06000   diff  0.00000
  bin   5  nominal    0.0000  varied    0.0000   ratio  0.00000   diff -1.06000
  bin   6  nominal    0.2026  varied    0.2148   ratio  1.06000   diff  0.00000
  bin   7  nominal    0.1938  varied    0.2055   ratio  1.06000   diff  0.00000
  bin   8  nominal    0.4049  varied    0.4292   ratio  1.06000   diff  0.00000
  bin   1  nominal    0.4031  varied    0.3803   ratio  0.94340   diff  0.00000
  bin   2  nominal    0.0000  varied    0.0000   ratio  0.00000   diff -0.94340
  bin   3  nominal    0.0000  varied    0.0000   ratio  0.00000   diff -0.94340
  bin   4  nominal    0.2060  varied    0.1944   ratio  0.94340   diff  0.00000
  bin   5  nominal    0.0000  varied    0.0000   ratio  0.00000   diff -0.94340
  bin   6  nominal    0.2026  varied    0.1911   ratio  0.94340   diff -0.00000
  bin   7  nominal    0.1938  varied    0.1829   ratio  0.94340   diff  0.00000
  bin   8  nominal    0.4049  varied    0.3820   ratio  0.94340   diff  0.00000
[makeShapeCards_wzRun3:INFO]: Is lumi_2022_early nuisance shape? False
  bin   1  nominal   50.5240  varied   50.7814   ratio  1.00509   diff  0.00000
  bin   2  nominal  218.9222  varied  219.9663   ratio  1.00477   diff -0.00032
[makeShapeCards_wzRun3:INFO]: Is muonidsf nuisance shape? True
[makeShapeCards_wzRun3:INFO]: Is muonidsf nuisance shape? True
[makeShapeCards_wzRun3:INFO]: Is muonidsf nuisance shape? True
[makeShapeCards_wzRun3:INFO]: Is muonidsf nuisance shape? True
[makeShapeCards_wzRun3:INFO]: Is muonidsf nuisance shape? True
  bin   1  nominal    1.5157  varied    1.6066   ratio  1.06000   diff  0.00000
  bin   2  nominal   23.0850  varied   24.4701   ratio  1.06000   diff  0.00000
  bin   3  nominal   25.2636  varied   26.7794   ratio  1.06000   diff  0.00000
  bin   4  nominal   22.2698  varied   23.6060   ratio  1.06000   diff  0.00000
  bin   5  nominal   21.6047  varied   22.9010   ratio  1.06000   diff  0.00000
  bin   6  nominal   16.1481  varied   17.1170   ratio  1.06000   diff  0.00000
  bin   7  nominal   16.2349  varied   17.2090   ratio  1.06000   diff  0.00000
  bin   8  nominal   27.4868  varied   29.1360   ratio  1.06000   diff  0.00000
  bin   1  nominal    1.5157  varied    1.4299   ratio  0.94340   diff  0.00000
  bin   2  nominal   23.0850  varied   21.7783   ratio  0.94340   diff  0.00000
  bin   3  nominal   25.2636  varied   23.8336   ratio  0.94340   diff  0.00000
  bin   4  nominal   22.2698  varied   21.0092   ratio  0.94340   diff  0.00000
  bin   5  nominal   21.6047  varied   20.3818   ratio  0.94340   diff -0.00000
  bin   6  nominal   16.1481  varied   15.2341   ratio  0.94340   diff  0.00000
  bin   7  nominal   16.2349  varied   15.3159   ratio  0.94340   diff  0.00000
  bin   8  nominal   27.4868  varied   25.9309   ratio  0.94340   diff  0.00000
[makeShapeCards_wzRun3:INFO]: Is normZZ nuisance shape? False
[makeShapeCards_wzRun3:INFO]: Wrote to ./check_discriminant_vars/./rebin8/m3l/wz-card.txt and ./check_discriminant_vars/./rebin8/m3l/wz-card.root .
