[makeShapeCards_wzRun3:INFO]:  >> Getting histograms for processes
[makeShapeCards_wzRun3:INFO]: List of nuisances considered: ['FSR', 'ISR', 'elecidsf', 'jestotal', 'lumi_2022_early', 'muonidsf', 'normZZ']
  bin   1  nominal    0.0000  varied    0.0000   ratio  1.00000   diff  0.00000
  bin   2  nominal    0.0000  varied    0.0000   ratio  1.00000   diff  0.00000
  bin   3  nominal  110.6092  varied  110.2034   ratio  0.99633   diff  0.00000
  bin   4  nominal  232.6129  varied  231.9942   ratio  0.99734   diff  0.00101
[makeShapeCards_wzRun3:INFO]: Is FSR nuisance shape? True
[makeShapeCards_wzRun3:WARNING]: Histogram x_prompt_WZ has 0 content in bin 1 for nuisance FSR
[makeShapeCards_wzRun3:WARNING]: Big shift in template for wz-card prompt_WZ FSR 0 in bin 1: variation = 0
[makeShapeCards_wzRun3:WARNING]: Histogram x_prompt_WZ has 0 content in bin 2 for nuisance FSR
[makeShapeCards_wzRun3:WARNING]: Big shift in template for wz-card prompt_WZ FSR 0 in bin 2: variation = 0
  bin   1  nominal    0.0000  varied    0.0000   ratio  0.00000   diff  0.00000
  bin   2  nominal    0.0000  varied    0.0000   ratio  0.00000   diff  0.00000
  bin   3  nominal  110.6092  varied  110.2034   ratio  0.99633   diff  0.00000
  bin   4  nominal  232.6129  varied  231.9942   ratio  0.99734   diff  0.00101
[makeShapeCards_wzRun3:INFO]: Is ISR nuisance shape? True
  bin   1  nominal    0.0000  varied    0.0000   ratio  0.00000   diff  0.00000
  bin   2  nominal    0.0000  varied    0.0000   ratio  0.00000   diff  0.00000
  bin   3  nominal  110.6092  varied  110.6092   ratio  1.00000   diff  0.00000
  bin   4  nominal  232.6129  varied  232.6129   ratio  1.00000   diff  0.00000
  bin   5  nominal  240.7058  varied  240.7058   ratio  1.00000   diff  0.00000
  bin   6  nominal  240.4628  varied  240.4628   ratio  1.00000   diff  0.00000
  bin   7  nominal  239.8708  varied  239.8708   ratio  1.00000   diff  0.00000
  bin   8  nominal  207.6192  varied  207.6192   ratio  1.00000   diff  0.00000
  bin   9  nominal  199.6977  varied  199.6977   ratio  1.00000   diff  0.00000
  bin  10  nominal  276.6476  varied  276.6476   ratio  1.00000   diff  0.00000
  bin  11  nominal  284.8179  varied  284.8179   ratio  1.00000   diff  0.00000
  bin  12  nominal  304.4857  varied  304.4857   ratio  1.00000   diff  0.00000
  bin  13  nominal  285.2677  varied  285.2677   ratio  1.00000   diff  0.00000
  bin   1  nominal    0.0000  varied    0.0000   ratio  0.00000   diff  0.00000
  bin   2  nominal    0.0000  varied    0.0000   ratio  0.00000   diff  0.00000
  bin   3  nominal  110.6092  varied  110.6092   ratio  1.00000   diff  0.00000
  bin   4  nominal  232.6129  varied  232.6129   ratio  1.00000   diff  0.00000
  bin   5  nominal  240.7058  varied  240.7058   ratio  1.00000   diff  0.00000
  bin   6  nominal  240.4628  varied  240.4628   ratio  1.00000   diff  0.00000
  bin   7  nominal  239.8708  varied  239.8708   ratio  1.00000   diff  0.00000
  bin   8  nominal  207.6192  varied  207.6192   ratio  1.00000   diff  0.00000
  bin   9  nominal  199.6977  varied  199.6977   ratio  1.00000   diff  0.00000
  bin  10  nominal  276.6476  varied  276.6476   ratio  1.00000   diff  0.00000
  bin  11  nominal  284.8179  varied  284.8179   ratio  1.00000   diff  0.00000
  bin  12  nominal  304.4857  varied  304.4857   ratio  1.00000   diff  0.00000
  bin  13  nominal  285.2677  varied  285.2677   ratio  1.00000   diff  0.00000
[makeShapeCards_wzRun3:INFO]: Is elecidsf nuisance shape? False
  bin   1  nominal    0.0000  varied    0.0000   ratio  1.00000   diff  0.00000
  bin   2  nominal    0.0000  varied    0.0000   ratio  1.00000   diff  0.00000
  bin   3  nominal   14.1740  varied   14.1740   ratio  1.00000   diff  0.00000
  bin   4  nominal   24.2183  varied   24.2183   ratio  1.00000   diff  0.00000
  bin   5  nominal   19.6354  varied   19.6354   ratio  1.00000   diff  0.00000
  bin   6  nominal   18.5710  varied   18.5710   ratio  1.00000   diff  0.00000
  bin   7  nominal   14.6719  varied   14.6719   ratio  1.00000   diff  0.00000
  bin   8  nominal   10.0602  varied   10.0602   ratio  1.00000   diff  0.00000
  bin   9  nominal   10.0548  varied   10.0548   ratio  1.00000   diff  0.00000
  bin  10  nominal   12.6069  varied   12.6069   ratio  1.00000   diff  0.00000
  bin  11  nominal    8.9645  varied    8.9645   ratio  1.00000   diff  0.00000
  bin  12  nominal    8.8637  varied    8.8637   ratio  1.00000   diff  0.00000
  bin  13  nominal   11.7880  varied   11.7880   ratio  1.00000   diff  0.00000
  bin   1  nominal    0.0000  varied    0.0000   ratio  1.00000   diff  0.00000
  bin   2  nominal    0.0000  varied    0.0000   ratio  1.00000   diff  0.00000
  bin   3  nominal   14.1740  varied   14.1740   ratio  1.00000   diff  0.00000
  bin   4  nominal   24.2183  varied   24.2183   ratio  1.00000   diff  0.00000
  bin   5  nominal   19.6354  varied   19.6354   ratio  1.00000   diff  0.00000
  bin   6  nominal   18.5710  varied   18.5710   ratio  1.00000   diff  0.00000
  bin   7  nominal   14.6719  varied   14.6719   ratio  1.00000   diff  0.00000
  bin   8  nominal   10.0602  varied   10.0602   ratio  1.00000   diff  0.00000
  bin   9  nominal   10.0548  varied   10.0548   ratio  1.00000   diff  0.00000
  bin  10  nominal   12.6069  varied   12.6069   ratio  1.00000   diff  0.00000
  bin  11  nominal    8.9645  varied    8.9645   ratio  1.00000   diff  0.00000
  bin  12  nominal    8.8637  varied    8.8637   ratio  1.00000   diff  0.00000
  bin  13  nominal   11.7880  varied   11.7880   ratio  1.00000   diff  0.00000
[makeShapeCards_wzRun3:INFO]: Is elecidsf nuisance shape? False
[makeShapeCards_wzRun3:WARNING]: Histogram x_prompt_ZZ has 0 content in bin 1 for nuisance elecidsf
[makeShapeCards_wzRun3:WARNING]: Big shift in template for wz-card prompt_ZZ elecidsf 0 in bin 1: variation = 0
[makeShapeCards_wzRun3:WARNING]: Histogram x_prompt_ZZ has 0 content in bin 2 for nuisance elecidsf
[makeShapeCards_wzRun3:WARNING]: Big shift in template for wz-card prompt_ZZ elecidsf 0 in bin 2: variation = 0
  bin   1  nominal    0.0000  varied    0.0000   ratio  1.00000   diff  0.00000
  bin   2  nominal    0.0000  varied    0.0000   ratio  1.00000   diff  0.00000
  bin   3  nominal   35.8779  varied   35.8779   ratio  1.00000   diff  0.00000
  bin   4  nominal   46.9939  varied   46.9939   ratio  1.00000   diff  0.00000
  bin   5  nominal   43.6561  varied   43.6561   ratio  1.00000   diff  0.00000
  bin   6  nominal   35.8454  varied   35.8454   ratio  1.00000   diff  0.00000
  bin   7  nominal   24.6383  varied   24.6383   ratio  1.00000   diff  0.00000
  bin   8  nominal   18.0444  varied   18.0444   ratio  1.00000   diff  0.00000
  bin   9  nominal   11.0772  varied   11.0772   ratio  1.00000   diff  0.00000
  bin  10  nominal    7.4334  varied    7.4334   ratio  1.00000   diff  0.00000
  bin  11  nominal   14.5481  varied   14.5481   ratio  1.00000   diff  0.00000
  bin  12  nominal    3.4839  varied    3.4839   ratio  1.00000   diff  0.00000
  bin  13  nominal    3.5741  varied    3.5741   ratio  1.00000   diff  0.00000
  bin   1  nominal    0.0000  varied    0.0000   ratio  1.00000   diff  0.00000
  bin   2  nominal    0.0000  varied    0.0000   ratio  1.00000   diff  0.00000
  bin   3  nominal   35.8779  varied   35.8779   ratio  1.00000   diff  0.00000
  bin   4  nominal   46.9939  varied   46.9939   ratio  1.00000   diff  0.00000
  bin   5  nominal   43.6561  varied   43.6561   ratio  1.00000   diff  0.00000
  bin   6  nominal   35.8454  varied   35.8454   ratio  1.00000   diff  0.00000
  bin   7  nominal   24.6383  varied   24.6383   ratio  1.00000   diff  0.00000
  bin   8  nominal   18.0444  varied   18.0444   ratio  1.00000   diff  0.00000
  bin   9  nominal   11.0772  varied   11.0772   ratio  1.00000   diff  0.00000
  bin  10  nominal    7.4334  varied    7.4334   ratio  1.00000   diff  0.00000
  bin  11  nominal   14.5481  varied   14.5481   ratio  1.00000   diff  0.00000
  bin  12  nominal    3.4839  varied    3.4839   ratio  1.00000   diff  0.00000
  bin  13  nominal    3.5741  varied    3.5741   ratio  1.00000   diff  0.00000
[makeShapeCards_wzRun3:INFO]: Is elecidsf nuisance shape? False
[makeShapeCards_wzRun3:WARNING]: Histogram x_fakes_DY has 0 content in bin 1 for nuisance elecidsf
[makeShapeCards_wzRun3:WARNING]: Big shift in template for wz-card fakes_DY elecidsf 0 in bin 1: variation = 0
[makeShapeCards_wzRun3:WARNING]: Histogram x_fakes_DY has 0 content in bin 2 for nuisance elecidsf
[makeShapeCards_wzRun3:WARNING]: Big shift in template for wz-card fakes_DY elecidsf 0 in bin 2: variation = 0
  bin   1  nominal    0.0000  varied    0.0000   ratio  1.00000   diff  0.00000
  bin   2  nominal    0.0000  varied    0.0000   ratio  1.00000   diff  0.00000
  bin   3  nominal    2.2457  varied    2.2457   ratio  1.00000   diff  0.00000
  bin   4  nominal    5.7665  varied    5.7665   ratio  1.00000   diff  0.00000
  bin   5  nominal    6.0824  varied    6.0824   ratio  1.00000   diff  0.00000
  bin   6  nominal    5.9425  varied    5.9425   ratio  1.00000   diff  0.00000
  bin   7  nominal    6.8799  varied    6.8799   ratio  1.00000   diff  0.00000
  bin   8  nominal    6.3985  varied    6.3985   ratio  1.00000   diff  0.00000
  bin   9  nominal    8.4296  varied    8.4296   ratio  1.00000   diff  0.00000
  bin  10  nominal   12.8974  varied   12.8974   ratio  1.00000   diff  0.00000
  bin  11  nominal   15.5550  varied   15.5550   ratio  1.00000   diff  0.00000
  bin  12  nominal   22.5894  varied   22.5894   ratio  1.00000   diff  0.00000
  bin  13  nominal   23.7218  varied   23.7218   ratio  1.00000   diff  0.00000
  bin   1  nominal    0.0000  varied    0.0000   ratio  1.00000   diff  0.00000
  bin   2  nominal    0.0000  varied    0.0000   ratio  1.00000   diff  0.00000
  bin   3  nominal    2.2457  varied    2.2457   ratio  1.00000   diff  0.00000
  bin   4  nominal    5.7665  varied    5.7665   ratio  1.00000   diff  0.00000
  bin   5  nominal    6.0824  varied    6.0824   ratio  1.00000   diff  0.00000
  bin   6  nominal    5.9425  varied    5.9425   ratio  1.00000   diff  0.00000
  bin   7  nominal    6.8799  varied    6.8799   ratio  1.00000   diff  0.00000
  bin   8  nominal    6.3985  varied    6.3985   ratio  1.00000   diff  0.00000
  bin   9  nominal    8.4296  varied    8.4296   ratio  1.00000   diff  0.00000
  bin  10  nominal   12.8974  varied   12.8974   ratio  1.00000   diff  0.00000
  bin  11  nominal   15.5550  varied   15.5550   ratio  1.00000   diff  0.00000
  bin  12  nominal   22.5894  varied   22.5894   ratio  1.00000   diff  0.00000
  bin  13  nominal   23.7218  varied   23.7218   ratio  1.00000   diff  0.00000
[makeShapeCards_wzRun3:INFO]: Is elecidsf nuisance shape? False
[makeShapeCards_wzRun3:WARNING]: Histogram x_fakes_TT has 0 content in bin 1 for nuisance elecidsf
[makeShapeCards_wzRun3:WARNING]: Big shift in template for wz-card fakes_TT elecidsf 0 in bin 1: variation = 0
[makeShapeCards_wzRun3:WARNING]: Histogram x_fakes_TT has 0 content in bin 2 for nuisance elecidsf
[makeShapeCards_wzRun3:WARNING]: Big shift in template for wz-card fakes_TT elecidsf 0 in bin 2: variation = 0
  bin   1  nominal    0.0000  varied    0.0000   ratio  1.00000   diff  0.00000
  bin   2  nominal    0.0000  varied    0.0000   ratio  1.00000   diff  0.00000
  bin   3  nominal    0.0000  varied    0.0000   ratio  1.00000   diff  0.00000
  bin   4  nominal    0.0000  varied    0.0000   ratio  1.00000   diff  0.00000
  bin   5  nominal    0.0000  varied    0.0000   ratio  1.00000   diff  0.00000
  bin   6  nominal    0.0000  varied    0.0000   ratio  1.00000   diff  0.00000
  bin   7  nominal    0.2026  varied    0.2026   ratio  1.00000   diff  0.00000
  bin   8  nominal    0.0000  varied    0.0000   ratio  1.00000   diff  0.00000
  bin   9  nominal    0.5922  varied    0.5922   ratio  1.00000   diff  0.00000
  bin  10  nominal    0.2057  varied    0.2057   ratio  1.00000   diff  0.00000
  bin  11  nominal    0.0000  varied    0.0000   ratio  1.00000   diff  0.00000
  bin  12  nominal    0.2060  varied    0.2060   ratio  1.00000   diff  0.00000
  bin  13  nominal    0.2039  varied    0.2039   ratio  1.00000   diff  0.00000
  bin   1  nominal    0.0000  varied    0.0000   ratio  1.00000   diff  0.00000
  bin   2  nominal    0.0000  varied    0.0000   ratio  1.00000   diff  0.00000
  bin   3  nominal    0.0000  varied    0.0000   ratio  1.00000   diff  0.00000
  bin   4  nominal    0.0000  varied    0.0000   ratio  1.00000   diff  0.00000
  bin   5  nominal    0.0000  varied    0.0000   ratio  1.00000   diff  0.00000
  bin   6  nominal    0.0000  varied    0.0000   ratio  1.00000   diff  0.00000
  bin   7  nominal    0.2026  varied    0.2026   ratio  1.00000   diff  0.00000
  bin   8  nominal    0.0000  varied    0.0000   ratio  1.00000   diff  0.00000
  bin   9  nominal    0.5922  varied    0.5922   ratio  1.00000   diff  0.00000
  bin  10  nominal    0.2057  varied    0.2057   ratio  1.00000   diff  0.00000
  bin  11  nominal    0.0000  varied    0.0000   ratio  1.00000   diff  0.00000
  bin  12  nominal    0.2060  varied    0.2060   ratio  1.00000   diff  0.00000
  bin  13  nominal    0.2039  varied    0.2039   ratio  1.00000   diff  0.00000
[makeShapeCards_wzRun3:INFO]: Is elecidsf nuisance shape? False
[makeShapeCards_wzRun3:WARNING]: Histogram x_fakes_VV has 0 content in bin 1 for nuisance elecidsf
[makeShapeCards_wzRun3:WARNING]: Big shift in template for wz-card fakes_VV elecidsf 0 in bin 1: variation = 0
[makeShapeCards_wzRun3:WARNING]: Histogram x_fakes_VV has 0 content in bin 2 for nuisance elecidsf
[makeShapeCards_wzRun3:WARNING]: Big shift in template for wz-card fakes_VV elecidsf 0 in bin 2: variation = 0
[makeShapeCards_wzRun3:WARNING]: Histogram x_fakes_VV has 0 content in bin 3 for nuisance elecidsf
[makeShapeCards_wzRun3:WARNING]: Big shift in template for wz-card fakes_VV elecidsf 0 in bin 3: variation = 0
[makeShapeCards_wzRun3:WARNING]: Histogram x_fakes_VV has 0 content in bin 4 for nuisance elecidsf
[makeShapeCards_wzRun3:WARNING]: Big shift in template for wz-card fakes_VV elecidsf 0 in bin 4: variation = 0
[makeShapeCards_wzRun3:WARNING]: Histogram x_fakes_VV has 0 content in bin 5 for nuisance elecidsf
[makeShapeCards_wzRun3:WARNING]: Big shift in template for wz-card fakes_VV elecidsf 0 in bin 5: variation = 0
[makeShapeCards_wzRun3:WARNING]: Histogram x_fakes_VV has 0 content in bin 6 for nuisance elecidsf
[makeShapeCards_wzRun3:WARNING]: Big shift in template for wz-card fakes_VV elecidsf 0 in bin 6: variation = 0
[makeShapeCards_wzRun3:WARNING]: Histogram x_fakes_VV has 0 content in bin 8 for nuisance elecidsf
[makeShapeCards_wzRun3:WARNING]: Big shift in template for wz-card fakes_VV elecidsf 0 in bin 8: variation = 0
[makeShapeCards_wzRun3:WARNING]: Histogram x_fakes_VV has 0 content in bin 11 for nuisance elecidsf
[makeShapeCards_wzRun3:WARNING]: Big shift in template for wz-card fakes_VV elecidsf 0 in bin 11: variation = 0
  bin   1  nominal    0.0000  varied    0.0000   ratio  0.00000   diff  0.00000
  bin   2  nominal    0.0000  varied    0.0000   ratio  0.00000   diff  0.00000
  bin   3  nominal  110.6092  varied  109.7904   ratio  0.99260   diff  0.00000
  bin   4  nominal  232.6129  varied  220.9245   ratio  0.94975   diff -0.04285
[makeShapeCards_wzRun3:INFO]: Is jestotal nuisance shape? True
[makeShapeCards_wzRun3:INFO]: Is jestotal nuisance shape? True
[makeShapeCards_wzRun3:INFO]: Is jestotal nuisance shape? True
[makeShapeCards_wzRun3:INFO]: Is jestotal nuisance shape? True
[makeShapeCards_wzRun3:INFO]: Is jestotal nuisance shape? True
[makeShapeCards_wzRun3:WARNING]: Big shift in template for wz-card fakes_VV jestotal 0 in bin 8: variation = 2.54459e-05
[makeShapeCards_wzRun3:WARNING]: Big shift in template for wz-card fakes_VV jestotal 1 in bin 8: variation = 39299.1
  bin   1  nominal    0.0000  varied    0.0000   ratio  0.00000   diff  0.00000
  bin   2  nominal    0.0000  varied    0.0000   ratio  0.00000   diff  0.00000
  bin   3  nominal  110.6092  varied  117.2457   ratio  1.06000   diff  0.00000
  bin   4  nominal  232.6129  varied  246.5697   ratio  1.06000   diff  0.00000
  bin   5  nominal  240.7058  varied  255.1482   ratio  1.06000   diff  0.00000
  bin   6  nominal  240.4628  varied  254.8905   ratio  1.06000   diff  0.00000
  bin   7  nominal  239.8708  varied  254.2630   ratio  1.06000   diff  0.00000
  bin   8  nominal  207.6192  varied  220.0763   ratio  1.06000   diff  0.00000
  bin   9  nominal  199.6977  varied  211.6796   ratio  1.06000   diff  0.00000
  bin  10  nominal  276.6476  varied  293.2465   ratio  1.06000   diff  0.00000
  bin  11  nominal  284.8179  varied  301.9069   ratio  1.06000   diff  0.00000
  bin  12  nominal  304.4857  varied  322.7548   ratio  1.06000   diff  0.00000
  bin  13  nominal  285.2677  varied  302.3838   ratio  1.06000   diff  0.00000
  bin   1  nominal    0.0000  varied    0.0000   ratio  0.00000   diff  0.00000
  bin   2  nominal    0.0000  varied    0.0000   ratio  0.00000   diff  0.00000
  bin   3  nominal  110.6092  varied  104.3483   ratio  0.94340   diff  0.00000
  bin   4  nominal  232.6129  varied  219.4461   ratio  0.94340   diff  0.00000
  bin   5  nominal  240.7058  varied  227.0810   ratio  0.94340   diff  0.00000
  bin   6  nominal  240.4628  varied  226.8517   ratio  0.94340   diff  0.00000
  bin   7  nominal  239.8708  varied  226.2932   ratio  0.94340   diff  0.00000
  bin   8  nominal  207.6192  varied  195.8672   ratio  0.94340   diff  0.00000
  bin   9  nominal  199.6977  varied  188.3941   ratio  0.94340   diff  0.00000
  bin  10  nominal  276.6476  varied  260.9883   ratio  0.94340   diff  0.00000
  bin  11  nominal  284.8179  varied  268.6961   ratio  0.94340   diff -0.00000
  bin  12  nominal  304.4857  varied  287.2507   ratio  0.94340   diff  0.00000
  bin  13  nominal  285.2677  varied  269.1205   ratio  0.94340   diff  0.00000
[makeShapeCards_wzRun3:INFO]: Is lumi_2022_early nuisance shape? False
  bin   1  nominal    0.0000  varied    0.0000   ratio  0.00000   diff  0.00000
  bin   2  nominal    0.0000  varied    0.0000   ratio  0.00000   diff  0.00000
  bin   3  nominal   14.1740  varied   15.0245   ratio  1.06000   diff  0.00000
  bin   4  nominal   24.2183  varied   25.6714   ratio  1.06000   diff  0.00000
  bin   5  nominal   19.6354  varied   20.8135   ratio  1.06000   diff  0.00000
  bin   6  nominal   18.5710  varied   19.6853   ratio  1.06000   diff  0.00000
  bin   7  nominal   14.6719  varied   15.5522   ratio  1.06000   diff  0.00000
  bin   8  nominal   10.0602  varied   10.6638   ratio  1.06000   diff  0.00000
  bin   9  nominal   10.0548  varied   10.6581   ratio  1.06000   diff  0.00000
  bin  10  nominal   12.6069  varied   13.3633   ratio  1.06000   diff  0.00000
  bin  11  nominal    8.9645  varied    9.5024   ratio  1.06000   diff  0.00000
  bin  12  nominal    8.8637  varied    9.3955   ratio  1.06000   diff  0.00000
  bin  13  nominal   11.7880  varied   12.4952   ratio  1.06000   diff  0.00000
  bin   1  nominal    0.0000  varied    0.0000   ratio  0.00000   diff  0.00000
  bin   2  nominal    0.0000  varied    0.0000   ratio  0.00000   diff  0.00000
  bin   3  nominal   14.1740  varied   13.3717   ratio  0.94340   diff  0.00000
  bin   4  nominal   24.2183  varied   22.8475   ratio  0.94340   diff -0.00000
  bin   5  nominal   19.6354  varied   18.5239   ratio  0.94340   diff -0.00000
  bin   6  nominal   18.5710  varied   17.5198   ratio  0.94340   diff  0.00000
  bin   7  nominal   14.6719  varied   13.8414   ratio  0.94340   diff  0.00000
  bin   8  nominal   10.0602  varied    9.4908   ratio  0.94340   diff  0.00000
  bin   9  nominal   10.0548  varied    9.4856   ratio  0.94340   diff  0.00000
  bin  10  nominal   12.6069  varied   11.8933   ratio  0.94340   diff  0.00000
  bin  11  nominal    8.9645  varied    8.4571   ratio  0.94340   diff  0.00000
  bin  12  nominal    8.8637  varied    8.3620   ratio  0.94340   diff  0.00000
  bin  13  nominal   11.7880  varied   11.1207   ratio  0.94340   diff -0.00000
[makeShapeCards_wzRun3:INFO]: Is lumi_2022_early nuisance shape? False
  bin   1  nominal    0.0000  varied    0.0000   ratio  0.00000   diff  0.00000
  bin   2  nominal    0.0000  varied    0.0000   ratio  0.00000   diff  0.00000
  bin   3  nominal   35.8779  varied   38.0306   ratio  1.06000   diff  0.00000
  bin   4  nominal   46.9939  varied   49.8135   ratio  1.06000   diff  0.00000
  bin   5  nominal   43.6561  varied   46.2755   ratio  1.06000   diff  0.00000
  bin   6  nominal   35.8454  varied   37.9961   ratio  1.06000   diff  0.00000
  bin   7  nominal   24.6383  varied   26.1165   ratio  1.06000   diff  0.00000
  bin   8  nominal   18.0444  varied   19.1271   ratio  1.06000   diff  0.00000
  bin   9  nominal   11.0772  varied   11.7418   ratio  1.06000   diff  0.00000
  bin  10  nominal    7.4334  varied    7.8794   ratio  1.06000   diff  0.00000
  bin  11  nominal   14.5481  varied   15.4210   ratio  1.06000   diff  0.00000
  bin  12  nominal    3.4839  varied    3.6930   ratio  1.06000   diff  0.00000
  bin  13  nominal    3.5741  varied    3.7886   ratio  1.06000   diff  0.00000
  bin   1  nominal    0.0000  varied    0.0000   ratio  0.00000   diff  0.00000
  bin   2  nominal    0.0000  varied    0.0000   ratio  0.00000   diff  0.00000
  bin   3  nominal   35.8779  varied   33.8471   ratio  0.94340   diff  0.00000
  bin   4  nominal   46.9939  varied   44.3339   ratio  0.94340   diff  0.00000
  bin   5  nominal   43.6561  varied   41.1850   ratio  0.94340   diff  0.00000
  bin   6  nominal   35.8454  varied   33.8164   ratio  0.94340   diff -0.00000
  bin   7  nominal   24.6383  varied   23.2436   ratio  0.94340   diff  0.00000
  bin   8  nominal   18.0444  varied   17.0230   ratio  0.94340   diff  0.00000
  bin   9  nominal   11.0772  varied   10.4501   ratio  0.94340   diff  0.00000
  bin  10  nominal    7.4334  varied    7.0126   ratio  0.94340   diff  0.00000
  bin  11  nominal   14.5481  varied   13.7246   ratio  0.94340   diff  0.00000
  bin  12  nominal    3.4839  varied    3.2867   ratio  0.94340   diff  0.00000
  bin  13  nominal    3.5741  varied    3.3718   ratio  0.94340   diff  0.00000
[makeShapeCards_wzRun3:INFO]: Is lumi_2022_early nuisance shape? False
  bin   1  nominal    0.0000  varied    0.0000   ratio  0.00000   diff  0.00000
  bin   2  nominal    0.0000  varied    0.0000   ratio  0.00000   diff  0.00000
  bin   3  nominal    2.2457  varied    2.3804   ratio  1.06000   diff  0.00000
  bin   4  nominal    5.7665  varied    6.1125   ratio  1.06000   diff  0.00000
  bin   5  nominal    6.0824  varied    6.4474   ratio  1.06000   diff  0.00000
  bin   6  nominal    5.9425  varied    6.2990   ratio  1.06000   diff  0.00000
  bin   7  nominal    6.8799  varied    7.2927   ratio  1.06000   diff  0.00000
  bin   8  nominal    6.3985  varied    6.7824   ratio  1.06000   diff  0.00000
  bin   9  nominal    8.4296  varied    8.9354   ratio  1.06000   diff  0.00000
  bin  10  nominal   12.8974  varied   13.6713   ratio  1.06000   diff  0.00000
  bin  11  nominal   15.5550  varied   16.4883   ratio  1.06000   diff -0.00000
  bin  12  nominal   22.5894  varied   23.9448   ratio  1.06000   diff  0.00000
  bin  13  nominal   23.7218  varied   25.1451   ratio  1.06000   diff  0.00000
  bin   1  nominal    0.0000  varied    0.0000   ratio  0.00000   diff  0.00000
  bin   2  nominal    0.0000  varied    0.0000   ratio  0.00000   diff  0.00000
  bin   3  nominal    2.2457  varied    2.1185   ratio  0.94340   diff  0.00000
  bin   4  nominal    5.7665  varied    5.4401   ratio  0.94340   diff  0.00000
  bin   5  nominal    6.0824  varied    5.7381   ratio  0.94340   diff  0.00000
  bin   6  nominal    5.9425  varied    5.6061   ratio  0.94340   diff  0.00000
  bin   7  nominal    6.8799  varied    6.4905   ratio  0.94340   diff  0.00000
  bin   8  nominal    6.3985  varied    6.0363   ratio  0.94340   diff  0.00000
  bin   9  nominal    8.4296  varied    7.9525   ratio  0.94340   diff  0.00000
  bin  10  nominal   12.8974  varied   12.1674   ratio  0.94340   diff  0.00000
  bin  11  nominal   15.5550  varied   14.6745   ratio  0.94340   diff  0.00000
  bin  12  nominal   22.5894  varied   21.3108   ratio  0.94340   diff  0.00000
  bin  13  nominal   23.7218  varied   22.3790   ratio  0.94340   diff  0.00000
[makeShapeCards_wzRun3:INFO]: Is lumi_2022_early nuisance shape? False
  bin   1  nominal    0.0000  varied    0.0000   ratio  0.00000   diff  0.00000
  bin   2  nominal    0.0000  varied    0.0000   ratio  0.00000   diff  0.00000
  bin   3  nominal    0.0000  varied    0.0000   ratio  0.00000   diff  0.00000
  bin   4  nominal    0.0000  varied    0.0000   ratio  0.00000   diff  0.00000
  bin   5  nominal    0.0000  varied    0.0000   ratio  0.00000   diff  0.00000
  bin   6  nominal    0.0000  varied    0.0000   ratio  0.00000   diff  0.00000
  bin   7  nominal    0.2026  varied    0.2148   ratio  1.06000   diff  0.00000
  bin   8  nominal    0.0000  varied    0.0000   ratio  0.00000   diff -1.06000
  bin   9  nominal    0.5922  varied    0.6278   ratio  1.06000   diff  0.00000
  bin  10  nominal    0.2057  varied    0.2181   ratio  1.06000   diff  0.00000
  bin  11  nominal    0.0000  varied    0.0000   ratio  0.00000   diff -1.06000
  bin  12  nominal    0.2060  varied    0.2184   ratio  1.06000   diff  0.00000
  bin  13  nominal    0.2039  varied    0.2161   ratio  1.06000   diff  0.00000
  bin   1  nominal    0.0000  varied    0.0000   ratio  0.00000   diff  0.00000
  bin   2  nominal    0.0000  varied    0.0000   ratio  0.00000   diff  0.00000
  bin   3  nominal    0.0000  varied    0.0000   ratio  0.00000   diff  0.00000
  bin   4  nominal    0.0000  varied    0.0000   ratio  0.00000   diff  0.00000
  bin   5  nominal    0.0000  varied    0.0000   ratio  0.00000   diff  0.00000
  bin   6  nominal    0.0000  varied    0.0000   ratio  0.00000   diff  0.00000
  bin   7  nominal    0.2026  varied    0.1911   ratio  0.94340   diff  0.00000
  bin   8  nominal    0.0000  varied    0.0000   ratio  0.00000   diff -0.94340
  bin   9  nominal    0.5922  varied    0.5587   ratio  0.94340   diff  0.00000
  bin  10  nominal    0.2057  varied    0.1941   ratio  0.94340   diff  0.00000
  bin  11  nominal    0.0000  varied    0.0000   ratio  0.00000   diff -0.94340
  bin  12  nominal    0.2060  varied    0.1944   ratio  0.94340   diff  0.00000
  bin  13  nominal    0.2039  varied    0.1923   ratio  0.94340   diff  0.00000
[makeShapeCards_wzRun3:INFO]: Is lumi_2022_early nuisance shape? False
  bin   1  nominal    0.0000  varied    0.0000   ratio  0.00000   diff  0.00000
  bin   2  nominal    0.0000  varied    0.0000   ratio  0.00000   diff  0.00000
  bin   3  nominal  110.6092  varied  111.0592   ratio  1.00407   diff  0.00000
  bin   4  nominal  232.6129  varied  233.5194   ratio  1.00390   diff -0.00017
[makeShapeCards_wzRun3:INFO]: Is muonidsf nuisance shape? True
[makeShapeCards_wzRun3:INFO]: Is muonidsf nuisance shape? True
[makeShapeCards_wzRun3:INFO]: Is muonidsf nuisance shape? True
[makeShapeCards_wzRun3:INFO]: Is muonidsf nuisance shape? True
[makeShapeCards_wzRun3:INFO]: Is muonidsf nuisance shape? True
  bin   1  nominal    0.0000  varied    0.0000   ratio  0.00000   diff  0.00000
  bin   2  nominal    0.0000  varied    0.0000   ratio  0.00000   diff  0.00000
  bin   3  nominal   14.1740  varied   15.0245   ratio  1.06000   diff  0.00000
  bin   4  nominal   24.2183  varied   25.6714   ratio  1.06000   diff  0.00000
  bin   5  nominal   19.6354  varied   20.8135   ratio  1.06000   diff  0.00000
  bin   6  nominal   18.5710  varied   19.6853   ratio  1.06000   diff  0.00000
  bin   7  nominal   14.6719  varied   15.5522   ratio  1.06000   diff  0.00000
  bin   8  nominal   10.0602  varied   10.6638   ratio  1.06000   diff  0.00000
  bin   9  nominal   10.0548  varied   10.6581   ratio  1.06000   diff  0.00000
  bin  10  nominal   12.6069  varied   13.3633   ratio  1.06000   diff  0.00000
  bin  11  nominal    8.9645  varied    9.5024   ratio  1.06000   diff  0.00000
  bin  12  nominal    8.8637  varied    9.3955   ratio  1.06000   diff  0.00000
  bin  13  nominal   11.7880  varied   12.4952   ratio  1.06000   diff  0.00000
  bin   1  nominal    0.0000  varied    0.0000   ratio  0.00000   diff  0.00000
  bin   2  nominal    0.0000  varied    0.0000   ratio  0.00000   diff  0.00000
  bin   3  nominal   14.1740  varied   13.3717   ratio  0.94340   diff  0.00000
  bin   4  nominal   24.2183  varied   22.8475   ratio  0.94340   diff -0.00000
  bin   5  nominal   19.6354  varied   18.5239   ratio  0.94340   diff -0.00000
  bin   6  nominal   18.5710  varied   17.5198   ratio  0.94340   diff  0.00000
  bin   7  nominal   14.6719  varied   13.8414   ratio  0.94340   diff  0.00000
  bin   8  nominal   10.0602  varied    9.4908   ratio  0.94340   diff  0.00000
  bin   9  nominal   10.0548  varied    9.4856   ratio  0.94340   diff  0.00000
  bin  10  nominal   12.6069  varied   11.8933   ratio  0.94340   diff  0.00000
  bin  11  nominal    8.9645  varied    8.4571   ratio  0.94340   diff  0.00000
  bin  12  nominal    8.8637  varied    8.3620   ratio  0.94340   diff  0.00000
  bin  13  nominal   11.7880  varied   11.1207   ratio  0.94340   diff -0.00000
[makeShapeCards_wzRun3:INFO]: Is normZZ nuisance shape? False
[makeShapeCards_wzRun3:INFO]: Wrote to ./check_discriminant_vars/./rebin13/met/wz-card.txt and ./check_discriminant_vars/./rebin13/met/wz-card.root .
