[makeShapeCards_wzRun3:INFO]:  >> Getting histograms for processes
[makeShapeCards_wzRun3:INFO]: List of nuisances considered: ['FSR', 'ISR', 'elecidsf', 'jestotal', 'lumi_2022_early', 'muonidsf', 'normZZ']
  bin   1  nominal    7.1303  varied    7.1305   ratio  1.00003   diff  0.00000
  bin   2  nominal   32.2462  varied   32.1303   ratio  0.99641   diff -0.00362
[makeShapeCards_wzRun3:INFO]: Is FSR nuisance shape? True
  bin   1  nominal    7.1303  varied    7.1305   ratio  1.00003   diff  0.00000
  bin   2  nominal   32.2462  varied   32.1303   ratio  0.99641   diff -0.00362
[makeShapeCards_wzRun3:INFO]: Is ISR nuisance shape? True
  bin   1  nominal    7.1303  varied    7.1303   ratio  1.00000   diff  0.00000
  bin   2  nominal   32.2462  varied   32.2462   ratio  1.00000   diff  0.00000
  bin   3  nominal   75.2495  varied   75.2495   ratio  1.00000   diff  0.00000
  bin   4  nominal  122.0630  varied  122.0630   ratio  1.00000   diff  0.00000
  bin   5  nominal  162.1320  varied  162.1320   ratio  1.00000   diff  0.00000
  bin   6  nominal  182.0309  varied  182.0309   ratio  1.00000   diff  0.00000
  bin   7  nominal  202.4502  varied  202.4502   ratio  1.00000   diff  0.00000
  bin   8  nominal  201.7727  varied  201.7727   ratio  1.00000   diff  0.00000
  bin   9  nominal  237.5561  varied  237.5561   ratio  1.00000   diff  0.00000
  bin  10  nominal  233.4686  varied  233.4686   ratio  1.00000   diff  0.00000
  bin  11  nominal  189.4461  varied  189.4461   ratio  1.00000   diff  0.00000
  bin  12  nominal  236.3500  varied  236.3500   ratio  1.00000   diff  0.00000
  bin  13  nominal  228.4202  varied  228.4202   ratio  1.00000   diff  0.00000
  bin  14  nominal  512.4815  varied  512.4815   ratio  1.00000   diff  0.00000
  bin   1  nominal    7.1303  varied    7.1303   ratio  1.00000   diff  0.00000
  bin   2  nominal   32.2462  varied   32.2462   ratio  1.00000   diff  0.00000
  bin   3  nominal   75.2495  varied   75.2495   ratio  1.00000   diff  0.00000
  bin   4  nominal  122.0630  varied  122.0630   ratio  1.00000   diff  0.00000
  bin   5  nominal  162.1320  varied  162.1320   ratio  1.00000   diff  0.00000
  bin   6  nominal  182.0309  varied  182.0309   ratio  1.00000   diff  0.00000
  bin   7  nominal  202.4502  varied  202.4502   ratio  1.00000   diff  0.00000
  bin   8  nominal  201.7727  varied  201.7727   ratio  1.00000   diff  0.00000
  bin   9  nominal  237.5561  varied  237.5561   ratio  1.00000   diff  0.00000
  bin  10  nominal  233.4686  varied  233.4686   ratio  1.00000   diff  0.00000
  bin  11  nominal  189.4461  varied  189.4461   ratio  1.00000   diff  0.00000
  bin  12  nominal  236.3500  varied  236.3500   ratio  1.00000   diff  0.00000
  bin  13  nominal  228.4202  varied  228.4202   ratio  1.00000   diff  0.00000
  bin  14  nominal  512.4815  varied  512.4815   ratio  1.00000   diff  0.00000
[makeShapeCards_wzRun3:INFO]: Is elecidsf nuisance shape? False
  bin   1  nominal    1.9510  varied    1.9510   ratio  1.00000   diff  0.00000
  bin   2  nominal    7.1855  varied    7.1855   ratio  1.00000   diff  0.00000
  bin   3  nominal    4.2494  varied    4.2494   ratio  1.00000   diff  0.00000
  bin   4  nominal   13.2285  varied   13.2285   ratio  1.00000   diff  0.00000
  bin   5  nominal   10.3410  varied   10.3410   ratio  1.00000   diff  0.00000
  bin   6  nominal   10.3378  varied   10.3378   ratio  1.00000   diff  0.00000
  bin   7  nominal   12.3483  varied   12.3483   ratio  1.00000   diff  0.00000
  bin   8  nominal    9.6218  varied    9.6218   ratio  1.00000   diff  0.00000
  bin   9  nominal   14.2025  varied   14.2025   ratio  1.00000   diff  0.00000
  bin  10  nominal    9.6858  varied    9.6858   ratio  1.00000   diff  0.00000
  bin  11  nominal    9.7135  varied    9.7135   ratio  1.00000   diff  0.00000
  bin  12  nominal   13.2003  varied   13.2003   ratio  1.00000   diff  0.00000
  bin  13  nominal   12.3550  varied   12.3550   ratio  1.00000   diff  0.00000
  bin  14  nominal   25.1881  varied   25.1881   ratio  1.00000   diff  0.00000
  bin   1  nominal    1.9510  varied    1.9510   ratio  1.00000   diff  0.00000
  bin   2  nominal    7.1855  varied    7.1855   ratio  1.00000   diff  0.00000
  bin   3  nominal    4.2494  varied    4.2494   ratio  1.00000   diff  0.00000
  bin   4  nominal   13.2285  varied   13.2285   ratio  1.00000   diff  0.00000
  bin   5  nominal   10.3410  varied   10.3410   ratio  1.00000   diff  0.00000
  bin   6  nominal   10.3378  varied   10.3378   ratio  1.00000   diff  0.00000
  bin   7  nominal   12.3483  varied   12.3483   ratio  1.00000   diff  0.00000
  bin   8  nominal    9.6218  varied    9.6218   ratio  1.00000   diff  0.00000
  bin   9  nominal   14.2025  varied   14.2025   ratio  1.00000   diff  0.00000
  bin  10  nominal    9.6858  varied    9.6858   ratio  1.00000   diff  0.00000
  bin  11  nominal    9.7135  varied    9.7135   ratio  1.00000   diff  0.00000
  bin  12  nominal   13.2003  varied   13.2003   ratio  1.00000   diff  0.00000
  bin  13  nominal   12.3550  varied   12.3550   ratio  1.00000   diff  0.00000
  bin  14  nominal   25.1881  varied   25.1881   ratio  1.00000   diff  0.00000
[makeShapeCards_wzRun3:INFO]: Is elecidsf nuisance shape? False
  bin   1  nominal   31.7253  varied   31.7253   ratio  1.00000   diff  0.00000
  bin   2  nominal   18.2776  varied   18.2776   ratio  1.00000   diff  0.00000
  bin   3  nominal   22.1492  varied   22.1492   ratio  1.00000   diff  0.00000
  bin   4  nominal   28.3034  varied   28.3034   ratio  1.00000   diff  0.00000
  bin   5  nominal   21.4571  varied   21.4571   ratio  1.00000   diff  0.00000
  bin   6  nominal   17.8701  varied   17.8701   ratio  1.00000   diff  0.00000
  bin   7  nominal   14.5084  varied   14.5084   ratio  1.00000   diff  0.00000
  bin   8  nominal   21.5735  varied   21.5735   ratio  1.00000   diff  0.00000
  bin   9  nominal   21.7626  varied   21.7626   ratio  1.00000   diff  0.00000
  bin  10  nominal    0.0000  varied    0.0000   ratio  1.00000   diff  0.00000
  bin  11  nominal   18.3445  varied   18.3445   ratio  1.00000   diff  0.00000
  bin  12  nominal   10.8843  varied   10.8843   ratio  1.00000   diff  0.00000
  bin  13  nominal   14.7072  varied   14.7072   ratio  1.00000   diff  0.00000
  bin  14  nominal    3.6095  varied    3.6095   ratio  1.00000   diff  0.00000
  bin   1  nominal   31.7253  varied   31.7253   ratio  1.00000   diff  0.00000
  bin   2  nominal   18.2776  varied   18.2776   ratio  1.00000   diff  0.00000
  bin   3  nominal   22.1492  varied   22.1492   ratio  1.00000   diff  0.00000
  bin   4  nominal   28.3034  varied   28.3034   ratio  1.00000   diff  0.00000
  bin   5  nominal   21.4571  varied   21.4571   ratio  1.00000   diff  0.00000
  bin   6  nominal   17.8701  varied   17.8701   ratio  1.00000   diff  0.00000
  bin   7  nominal   14.5084  varied   14.5084   ratio  1.00000   diff  0.00000
  bin   8  nominal   21.5735  varied   21.5735   ratio  1.00000   diff  0.00000
  bin   9  nominal   21.7626  varied   21.7626   ratio  1.00000   diff  0.00000
  bin  10  nominal    0.0000  varied    0.0000   ratio  1.00000   diff  0.00000
  bin  11  nominal   18.3445  varied   18.3445   ratio  1.00000   diff  0.00000
  bin  12  nominal   10.8843  varied   10.8843   ratio  1.00000   diff  0.00000
  bin  13  nominal   14.7072  varied   14.7072   ratio  1.00000   diff  0.00000
  bin  14  nominal    3.6095  varied    3.6095   ratio  1.00000   diff  0.00000
[makeShapeCards_wzRun3:INFO]: Is elecidsf nuisance shape? False
[makeShapeCards_wzRun3:WARNING]: Histogram x_fakes_DY has 0 content in bin 10 for nuisance elecidsf
[makeShapeCards_wzRun3:WARNING]: Big shift in template for wz-card fakes_DY elecidsf 0 in bin 10: variation = 0
  bin   1  nominal    1.4897  varied    1.4897   ratio  1.00000   diff  0.00000
  bin   2  nominal    2.2016  varied    2.2016   ratio  1.00000   diff  0.00000
  bin   3  nominal    4.2496  varied    4.2496   ratio  1.00000   diff  0.00000
  bin   4  nominal    5.3922  varied    5.3922   ratio  1.00000   diff  0.00000
  bin   5  nominal    6.8345  varied    6.8345   ratio  1.00000   diff  0.00000
  bin   6  nominal    6.7567  varied    6.7567   ratio  1.00000   diff  0.00000
  bin   7  nominal    8.2812  varied    8.2812   ratio  1.00000   diff  0.00000
  bin   8  nominal    7.3101  varied    7.3101   ratio  1.00000   diff  0.00000
  bin   9  nominal    9.3637  varied    9.3637   ratio  1.00000   diff  0.00000
  bin  10  nominal   10.9638  varied   10.9638   ratio  1.00000   diff  0.00000
  bin  11  nominal   10.2864  varied   10.2864   ratio  1.00000   diff  0.00000
  bin  12  nominal   12.8445  varied   12.8445   ratio  1.00000   diff  0.00000
  bin  13  nominal   10.7626  varied   10.7626   ratio  1.00000   diff  0.00000
  bin  14  nominal   19.7720  varied   19.7720   ratio  1.00000   diff  0.00000
  bin   1  nominal    1.4897  varied    1.4897   ratio  1.00000   diff  0.00000
  bin   2  nominal    2.2016  varied    2.2016   ratio  1.00000   diff  0.00000
  bin   3  nominal    4.2496  varied    4.2496   ratio  1.00000   diff  0.00000
  bin   4  nominal    5.3922  varied    5.3922   ratio  1.00000   diff  0.00000
  bin   5  nominal    6.8345  varied    6.8345   ratio  1.00000   diff  0.00000
  bin   6  nominal    6.7567  varied    6.7567   ratio  1.00000   diff  0.00000
  bin   7  nominal    8.2812  varied    8.2812   ratio  1.00000   diff  0.00000
  bin   8  nominal    7.3101  varied    7.3101   ratio  1.00000   diff  0.00000
  bin   9  nominal    9.3637  varied    9.3637   ratio  1.00000   diff  0.00000
  bin  10  nominal   10.9638  varied   10.9638   ratio  1.00000   diff  0.00000
  bin  11  nominal   10.2864  varied   10.2864   ratio  1.00000   diff  0.00000
  bin  12  nominal   12.8445  varied   12.8445   ratio  1.00000   diff  0.00000
  bin  13  nominal   10.7626  varied   10.7626   ratio  1.00000   diff  0.00000
  bin  14  nominal   19.7720  varied   19.7720   ratio  1.00000   diff  0.00000
[makeShapeCards_wzRun3:INFO]: Is elecidsf nuisance shape? False
  bin   1  nominal    0.0000  varied    0.0000   ratio  1.00000   diff  0.00000
  bin   2  nominal    0.0000  varied    0.0000   ratio  1.00000   diff  0.00000
  bin   3  nominal    0.0000  varied    0.0000   ratio  1.00000   diff  0.00000
  bin   4  nominal    0.0000  varied    0.0000   ratio  1.00000   diff  0.00000
  bin   5  nominal    0.1993  varied    0.1993   ratio  1.00000   diff  0.00000
  bin   6  nominal    0.0000  varied    0.0000   ratio  1.00000   diff  0.00000
  bin   7  nominal    0.4065  varied    0.4065   ratio  1.00000   diff  0.00000
  bin   8  nominal    0.0000  varied    0.0000   ratio  1.00000   diff  0.00000
  bin   9  nominal    0.0000  varied    0.0000   ratio  1.00000   diff  0.00000
  bin  10  nominal    0.0000  varied    0.0000   ratio  1.00000   diff  0.00000
  bin  11  nominal    0.0000  varied    0.0000   ratio  1.00000   diff  0.00000
  bin  12  nominal    0.5990  varied    0.5990   ratio  1.00000   diff  0.00000
  bin  13  nominal    0.0000  varied    0.0000   ratio  1.00000   diff  0.00000
  bin  14  nominal    0.2057  varied    0.2057   ratio  1.00000   diff  0.00000
  bin   1  nominal    0.0000  varied    0.0000   ratio  1.00000   diff  0.00000
  bin   2  nominal    0.0000  varied    0.0000   ratio  1.00000   diff  0.00000
  bin   3  nominal    0.0000  varied    0.0000   ratio  1.00000   diff  0.00000
  bin   4  nominal    0.0000  varied    0.0000   ratio  1.00000   diff  0.00000
  bin   5  nominal    0.1993  varied    0.1993   ratio  1.00000   diff  0.00000
  bin   6  nominal    0.0000  varied    0.0000   ratio  1.00000   diff  0.00000
  bin   7  nominal    0.4065  varied    0.4065   ratio  1.00000   diff  0.00000
  bin   8  nominal    0.0000  varied    0.0000   ratio  1.00000   diff  0.00000
  bin   9  nominal    0.0000  varied    0.0000   ratio  1.00000   diff  0.00000
  bin  10  nominal    0.0000  varied    0.0000   ratio  1.00000   diff  0.00000
  bin  11  nominal    0.0000  varied    0.0000   ratio  1.00000   diff  0.00000
  bin  12  nominal    0.5990  varied    0.5990   ratio  1.00000   diff  0.00000
  bin  13  nominal    0.0000  varied    0.0000   ratio  1.00000   diff  0.00000
  bin  14  nominal    0.2057  varied    0.2057   ratio  1.00000   diff  0.00000
[makeShapeCards_wzRun3:INFO]: Is elecidsf nuisance shape? False
[makeShapeCards_wzRun3:WARNING]: Histogram x_fakes_VV has 0 content in bin 1 for nuisance elecidsf
[makeShapeCards_wzRun3:WARNING]: Big shift in template for wz-card fakes_VV elecidsf 0 in bin 1: variation = 0
[makeShapeCards_wzRun3:WARNING]: Histogram x_fakes_VV has 0 content in bin 2 for nuisance elecidsf
[makeShapeCards_wzRun3:WARNING]: Big shift in template for wz-card fakes_VV elecidsf 0 in bin 2: variation = 0
[makeShapeCards_wzRun3:WARNING]: Histogram x_fakes_VV has 0 content in bin 3 for nuisance elecidsf
[makeShapeCards_wzRun3:WARNING]: Big shift in template for wz-card fakes_VV elecidsf 0 in bin 3: variation = 0
[makeShapeCards_wzRun3:WARNING]: Histogram x_fakes_VV has 0 content in bin 4 for nuisance elecidsf
[makeShapeCards_wzRun3:WARNING]: Big shift in template for wz-card fakes_VV elecidsf 0 in bin 4: variation = 0
[makeShapeCards_wzRun3:WARNING]: Histogram x_fakes_VV has 0 content in bin 6 for nuisance elecidsf
[makeShapeCards_wzRun3:WARNING]: Big shift in template for wz-card fakes_VV elecidsf 0 in bin 6: variation = 0
[makeShapeCards_wzRun3:WARNING]: Histogram x_fakes_VV has 0 content in bin 8 for nuisance elecidsf
[makeShapeCards_wzRun3:WARNING]: Big shift in template for wz-card fakes_VV elecidsf 0 in bin 8: variation = 0
[makeShapeCards_wzRun3:WARNING]: Histogram x_fakes_VV has 0 content in bin 9 for nuisance elecidsf
[makeShapeCards_wzRun3:WARNING]: Big shift in template for wz-card fakes_VV elecidsf 0 in bin 9: variation = 0
[makeShapeCards_wzRun3:WARNING]: Histogram x_fakes_VV has 0 content in bin 10 for nuisance elecidsf
[makeShapeCards_wzRun3:WARNING]: Big shift in template for wz-card fakes_VV elecidsf 0 in bin 10: variation = 0
[makeShapeCards_wzRun3:WARNING]: Histogram x_fakes_VV has 0 content in bin 11 for nuisance elecidsf
[makeShapeCards_wzRun3:WARNING]: Big shift in template for wz-card fakes_VV elecidsf 0 in bin 11: variation = 0
[makeShapeCards_wzRun3:WARNING]: Histogram x_fakes_VV has 0 content in bin 13 for nuisance elecidsf
[makeShapeCards_wzRun3:WARNING]: Big shift in template for wz-card fakes_VV elecidsf 0 in bin 13: variation = 0
  bin   1  nominal    7.1303  varied    6.9658   ratio  0.97693   diff  0.00000
  bin   2  nominal   32.2462  varied   30.4598   ratio  0.94460   diff -0.03233
[makeShapeCards_wzRun3:INFO]: Is jestotal nuisance shape? True
[makeShapeCards_wzRun3:INFO]: Is jestotal nuisance shape? True
[makeShapeCards_wzRun3:INFO]: Is jestotal nuisance shape? True
[makeShapeCards_wzRun3:WARNING]: Big shift in template for wz-card fakes_DY jestotal 0 in bin 10: variation = 1.08654e+06
[makeShapeCards_wzRun3:WARNING]: Big shift in template for wz-card fakes_DY jestotal 1 in bin 10: variation = 1.10255e+06
[makeShapeCards_wzRun3:INFO]: Is jestotal nuisance shape? True
[makeShapeCards_wzRun3:INFO]: Is jestotal nuisance shape? True
[makeShapeCards_wzRun3:WARNING]: Big shift in template for wz-card fakes_VV jestotal 0 in bin 13: variation = 19384
  bin   1  nominal    7.1303  varied    7.5581   ratio  1.06000   diff  0.00000
  bin   2  nominal   32.2462  varied   34.1809   ratio  1.06000   diff  0.00000
  bin   3  nominal   75.2495  varied   79.7645   ratio  1.06000   diff  0.00000
  bin   4  nominal  122.0630  varied  129.3868   ratio  1.06000   diff  0.00000
  bin   5  nominal  162.1320  varied  171.8599   ratio  1.06000   diff  0.00000
  bin   6  nominal  182.0309  varied  192.9528   ratio  1.06000   diff  0.00000
  bin   7  nominal  202.4502  varied  214.5973   ratio  1.06000   diff  0.00000
  bin   8  nominal  201.7727  varied  213.8791   ratio  1.06000   diff  0.00000
  bin   9  nominal  237.5561  varied  251.8095   ratio  1.06000   diff  0.00000
  bin  10  nominal  233.4686  varied  247.4767   ratio  1.06000   diff  0.00000
  bin  11  nominal  189.4461  varied  200.8129   ratio  1.06000   diff  0.00000
  bin  12  nominal  236.3500  varied  250.5310   ratio  1.06000   diff  0.00000
  bin  13  nominal  228.4202  varied  242.1254   ratio  1.06000   diff  0.00000
  bin  14  nominal  512.4815  varied  543.2304   ratio  1.06000   diff  0.00000
  bin   1  nominal    7.1303  varied    6.7267   ratio  0.94340   diff  0.00000
  bin   2  nominal   32.2462  varied   30.4209   ratio  0.94340   diff  0.00000
  bin   3  nominal   75.2495  varied   70.9901   ratio  0.94340   diff  0.00000
  bin   4  nominal  122.0630  varied  115.1538   ratio  0.94340   diff  0.00000
  bin   5  nominal  162.1320  varied  152.9547   ratio  0.94340   diff  0.00000
  bin   6  nominal  182.0309  varied  171.7273   ratio  0.94340   diff  0.00000
  bin   7  nominal  202.4502  varied  190.9908   ratio  0.94340   diff  0.00000
  bin   8  nominal  201.7727  varied  190.3516   ratio  0.94340   diff  0.00000
  bin   9  nominal  237.5561  varied  224.1096   ratio  0.94340   diff  0.00000
  bin  10  nominal  233.4686  varied  220.2534   ratio  0.94340   diff  0.00000
  bin  11  nominal  189.4461  varied  178.7228   ratio  0.94340   diff  0.00000
  bin  12  nominal  236.3500  varied  222.9717   ratio  0.94340   diff  0.00000
  bin  13  nominal  228.4202  varied  215.4907   ratio  0.94340   diff  0.00000
  bin  14  nominal  512.4815  varied  483.4731   ratio  0.94340   diff  0.00000
[makeShapeCards_wzRun3:INFO]: Is lumi_2022_early nuisance shape? False
  bin   1  nominal    1.9510  varied    2.0681   ratio  1.06000   diff  0.00000
  bin   2  nominal    7.1855  varied    7.6166   ratio  1.06000   diff  0.00000
  bin   3  nominal    4.2494  varied    4.5044   ratio  1.06000   diff  0.00000
  bin   4  nominal   13.2285  varied   14.0222   ratio  1.06000   diff  0.00000
  bin   5  nominal   10.3410  varied   10.9614   ratio  1.06000   diff  0.00000
  bin   6  nominal   10.3378  varied   10.9581   ratio  1.06000   diff  0.00000
  bin   7  nominal   12.3483  varied   13.0892   ratio  1.06000   diff  0.00000
  bin   8  nominal    9.6218  varied   10.1991   ratio  1.06000   diff  0.00000
  bin   9  nominal   14.2025  varied   15.0547   ratio  1.06000   diff  0.00000
  bin  10  nominal    9.6858  varied   10.2669   ratio  1.06000   diff  0.00000
  bin  11  nominal    9.7135  varied   10.2963   ratio  1.06000   diff  0.00000
  bin  12  nominal   13.2003  varied   13.9924   ratio  1.06000   diff  0.00000
  bin  13  nominal   12.3550  varied   13.0963   ratio  1.06000   diff  0.00000
  bin  14  nominal   25.1881  varied   26.6994   ratio  1.06000   diff  0.00000
  bin   1  nominal    1.9510  varied    1.8406   ratio  0.94340   diff  0.00000
  bin   2  nominal    7.1855  varied    6.7787   ratio  0.94340   diff  0.00000
  bin   3  nominal    4.2494  varied    4.0089   ratio  0.94340   diff  0.00000
  bin   4  nominal   13.2285  varied   12.4797   ratio  0.94340   diff  0.00000
  bin   5  nominal   10.3410  varied    9.7556   ratio  0.94340   diff -0.00000
  bin   6  nominal   10.3378  varied    9.7527   ratio  0.94340   diff  0.00000
  bin   7  nominal   12.3483  varied   11.6494   ratio  0.94340   diff  0.00000
  bin   8  nominal    9.6218  varied    9.0772   ratio  0.94340   diff  0.00000
  bin   9  nominal   14.2025  varied   13.3986   ratio  0.94340   diff  0.00000
  bin  10  nominal    9.6858  varied    9.1375   ratio  0.94340   diff -0.00000
  bin  11  nominal    9.7135  varied    9.1637   ratio  0.94340   diff  0.00000
  bin  12  nominal   13.2003  varied   12.4531   ratio  0.94340   diff  0.00000
  bin  13  nominal   12.3550  varied   11.6556   ratio  0.94340   diff  0.00000
  bin  14  nominal   25.1881  varied   23.7624   ratio  0.94340   diff  0.00000
[makeShapeCards_wzRun3:INFO]: Is lumi_2022_early nuisance shape? False
  bin   1  nominal   31.7253  varied   33.6288   ratio  1.06000   diff  0.00000
  bin   2  nominal   18.2776  varied   19.3743   ratio  1.06000   diff  0.00000
  bin   3  nominal   22.1492  varied   23.4781   ratio  1.06000   diff  0.00000
  bin   4  nominal   28.3034  varied   30.0016   ratio  1.06000   diff  0.00000
  bin   5  nominal   21.4571  varied   22.7445   ratio  1.06000   diff  0.00000
  bin   6  nominal   17.8701  varied   18.9423   ratio  1.06000   diff  0.00000
  bin   7  nominal   14.5084  varied   15.3789   ratio  1.06000   diff  0.00000
  bin   8  nominal   21.5735  varied   22.8679   ratio  1.06000   diff  0.00000
  bin   9  nominal   21.7626  varied   23.0683   ratio  1.06000   diff  0.00000
  bin  10  nominal    0.0000  varied    0.0000   ratio  0.00000   diff -1.06000
  bin  11  nominal   18.3445  varied   19.4452   ratio  1.06000   diff  0.00000
  bin  12  nominal   10.8843  varied   11.5374   ratio  1.06000   diff  0.00000
  bin  13  nominal   14.7072  varied   15.5896   ratio  1.06000   diff  0.00000
  bin  14  nominal    3.6095  varied    3.8260   ratio  1.06000   diff  0.00000
  bin   1  nominal   31.7253  varied   29.9295   ratio  0.94340   diff  0.00000
  bin   2  nominal   18.2776  varied   17.2431   ratio  0.94340   diff -0.00000
  bin   3  nominal   22.1492  varied   20.8955   ratio  0.94340   diff  0.00000
  bin   4  nominal   28.3034  varied   26.7013   ratio  0.94340   diff  0.00000
  bin   5  nominal   21.4571  varied   20.2426   ratio  0.94340   diff -0.00000
  bin   6  nominal   17.8701  varied   16.8586   ratio  0.94340   diff  0.00000
  bin   7  nominal   14.5084  varied   13.6871   ratio  0.94340   diff  0.00000
  bin   8  nominal   21.5735  varied   20.3523   ratio  0.94340   diff  0.00000
  bin   9  nominal   21.7626  varied   20.5307   ratio  0.94340   diff  0.00000
  bin  10  nominal    0.0000  varied    0.0000   ratio  0.00000   diff -0.94340
  bin  11  nominal   18.3445  varied   17.3062   ratio  0.94340   diff  0.00000
  bin  12  nominal   10.8843  varied   10.2682   ratio  0.94340   diff  0.00000
  bin  13  nominal   14.7072  varied   13.8747   ratio  0.94340   diff  0.00000
  bin  14  nominal    3.6095  varied    3.4051   ratio  0.94340   diff  0.00000
[makeShapeCards_wzRun3:INFO]: Is lumi_2022_early nuisance shape? False
  bin   1  nominal    1.4897  varied    1.5791   ratio  1.06000   diff  0.00000
  bin   2  nominal    2.2016  varied    2.3337   ratio  1.06000   diff  0.00000
  bin   3  nominal    4.2496  varied    4.5046   ratio  1.06000   diff  0.00000
  bin   4  nominal    5.3922  varied    5.7157   ratio  1.06000   diff -0.00000
  bin   5  nominal    6.8345  varied    7.2446   ratio  1.06000   diff  0.00000
  bin   6  nominal    6.7567  varied    7.1621   ratio  1.06000   diff  0.00000
  bin   7  nominal    8.2812  varied    8.7781   ratio  1.06000   diff  0.00000
  bin   8  nominal    7.3101  varied    7.7487   ratio  1.06000   diff  0.00000
  bin   9  nominal    9.3637  varied    9.9256   ratio  1.06000   diff  0.00000
  bin  10  nominal   10.9638  varied   11.6216   ratio  1.06000   diff  0.00000
  bin  11  nominal   10.2864  varied   10.9036   ratio  1.06000   diff  0.00000
  bin  12  nominal   12.8445  varied   13.6152   ratio  1.06000   diff  0.00000
  bin  13  nominal   10.7626  varied   11.4083   ratio  1.06000   diff  0.00000
  bin  14  nominal   19.7720  varied   20.9583   ratio  1.06000   diff  0.00000
  bin   1  nominal    1.4897  varied    1.4054   ratio  0.94340   diff  0.00000
  bin   2  nominal    2.2016  varied    2.0770   ratio  0.94340   diff  0.00000
  bin   3  nominal    4.2496  varied    4.0090   ratio  0.94340   diff -0.00000
  bin   4  nominal    5.3922  varied    5.0870   ratio  0.94340   diff  0.00000
  bin   5  nominal    6.8345  varied    6.4477   ratio  0.94340   diff  0.00000
  bin   6  nominal    6.7567  varied    6.3742   ratio  0.94340   diff -0.00000
  bin   7  nominal    8.2812  varied    7.8124   ratio  0.94340   diff  0.00000
  bin   8  nominal    7.3101  varied    6.8963   ratio  0.94340   diff  0.00000
  bin   9  nominal    9.3637  varied    8.8337   ratio  0.94340   diff  0.00000
  bin  10  nominal   10.9638  varied   10.3432   ratio  0.94340   diff  0.00000
  bin  11  nominal   10.2864  varied    9.7042   ratio  0.94340   diff -0.00000
  bin  12  nominal   12.8445  varied   12.1175   ratio  0.94340   diff  0.00000
  bin  13  nominal   10.7626  varied   10.1534   ratio  0.94340   diff  0.00000
  bin  14  nominal   19.7720  varied   18.6528   ratio  0.94340   diff -0.00000
[makeShapeCards_wzRun3:INFO]: Is lumi_2022_early nuisance shape? False
  bin   1  nominal    0.0000  varied    0.0000   ratio  0.00000   diff  0.00000
  bin   2  nominal    0.0000  varied    0.0000   ratio  0.00000   diff  0.00000
  bin   3  nominal    0.0000  varied    0.0000   ratio  0.00000   diff  0.00000
  bin   4  nominal    0.0000  varied    0.0000   ratio  0.00000   diff  0.00000
  bin   5  nominal    0.1993  varied    0.2112   ratio  1.06000   diff  0.00000
  bin   6  nominal    0.0000  varied    0.0000   ratio  0.00000   diff -1.06000
  bin   7  nominal    0.4065  varied    0.4309   ratio  1.06000   diff  0.00000
  bin   8  nominal    0.0000  varied    0.0000   ratio  0.00000   diff -1.06000
  bin   9  nominal    0.0000  varied    0.0000   ratio  0.00000   diff -1.06000
  bin  10  nominal    0.0000  varied    0.0000   ratio  0.00000   diff -1.06000
  bin  11  nominal    0.0000  varied    0.0000   ratio  0.00000   diff -1.06000
  bin  12  nominal    0.5990  varied    0.6349   ratio  1.06000   diff  0.00000
  bin  13  nominal    0.0000  varied    0.0000   ratio  0.00000   diff -1.06000
  bin  14  nominal    0.2057  varied    0.2181   ratio  1.06000   diff  0.00000
  bin   1  nominal    0.0000  varied    0.0000   ratio  0.00000   diff  0.00000
  bin   2  nominal    0.0000  varied    0.0000   ratio  0.00000   diff  0.00000
  bin   3  nominal    0.0000  varied    0.0000   ratio  0.00000   diff  0.00000
  bin   4  nominal    0.0000  varied    0.0000   ratio  0.00000   diff  0.00000
  bin   5  nominal    0.1993  varied    0.1880   ratio  0.94340   diff  0.00000
  bin   6  nominal    0.0000  varied    0.0000   ratio  0.00000   diff -0.94340
  bin   7  nominal    0.4065  varied    0.3835   ratio  0.94340   diff  0.00000
  bin   8  nominal    0.0000  varied    0.0000   ratio  0.00000   diff -0.94340
  bin   9  nominal    0.0000  varied    0.0000   ratio  0.00000   diff -0.94340
  bin  10  nominal    0.0000  varied    0.0000   ratio  0.00000   diff -0.94340
  bin  11  nominal    0.0000  varied    0.0000   ratio  0.00000   diff -0.94340
  bin  12  nominal    0.5990  varied    0.5651   ratio  0.94340   diff  0.00000
  bin  13  nominal    0.0000  varied    0.0000   ratio  0.00000   diff -0.94340
  bin  14  nominal    0.2057  varied    0.1941   ratio  0.94340   diff  0.00000
[makeShapeCards_wzRun3:INFO]: Is lumi_2022_early nuisance shape? False
  bin   1  nominal    7.1303  varied    7.1753   ratio  1.00632   diff  0.00000
  bin   2  nominal   32.2462  varied   32.4141   ratio  1.00521   diff -0.00111
[makeShapeCards_wzRun3:INFO]: Is muonidsf nuisance shape? True
[makeShapeCards_wzRun3:INFO]: Is muonidsf nuisance shape? True
[makeShapeCards_wzRun3:INFO]: Is muonidsf nuisance shape? True
[makeShapeCards_wzRun3:INFO]: Is muonidsf nuisance shape? True
[makeShapeCards_wzRun3:INFO]: Is muonidsf nuisance shape? True
  bin   1  nominal    1.9510  varied    2.0681   ratio  1.06000   diff  0.00000
  bin   2  nominal    7.1855  varied    7.6166   ratio  1.06000   diff  0.00000
  bin   3  nominal    4.2494  varied    4.5044   ratio  1.06000   diff  0.00000
  bin   4  nominal   13.2285  varied   14.0222   ratio  1.06000   diff  0.00000
  bin   5  nominal   10.3410  varied   10.9614   ratio  1.06000   diff  0.00000
  bin   6  nominal   10.3378  varied   10.9581   ratio  1.06000   diff  0.00000
  bin   7  nominal   12.3483  varied   13.0892   ratio  1.06000   diff  0.00000
  bin   8  nominal    9.6218  varied   10.1991   ratio  1.06000   diff  0.00000
  bin   9  nominal   14.2025  varied   15.0547   ratio  1.06000   diff  0.00000
  bin  10  nominal    9.6858  varied   10.2669   ratio  1.06000   diff  0.00000
  bin  11  nominal    9.7135  varied   10.2963   ratio  1.06000   diff  0.00000
  bin  12  nominal   13.2003  varied   13.9924   ratio  1.06000   diff  0.00000
  bin  13  nominal   12.3550  varied   13.0963   ratio  1.06000   diff  0.00000
  bin  14  nominal   25.1881  varied   26.6994   ratio  1.06000   diff  0.00000
  bin   1  nominal    1.9510  varied    1.8406   ratio  0.94340   diff  0.00000
  bin   2  nominal    7.1855  varied    6.7787   ratio  0.94340   diff  0.00000
  bin   3  nominal    4.2494  varied    4.0089   ratio  0.94340   diff  0.00000
  bin   4  nominal   13.2285  varied   12.4797   ratio  0.94340   diff  0.00000
  bin   5  nominal   10.3410  varied    9.7556   ratio  0.94340   diff -0.00000
  bin   6  nominal   10.3378  varied    9.7527   ratio  0.94340   diff  0.00000
  bin   7  nominal   12.3483  varied   11.6494   ratio  0.94340   diff  0.00000
  bin   8  nominal    9.6218  varied    9.0772   ratio  0.94340   diff  0.00000
  bin   9  nominal   14.2025  varied   13.3986   ratio  0.94340   diff  0.00000
  bin  10  nominal    9.6858  varied    9.1375   ratio  0.94340   diff -0.00000
  bin  11  nominal    9.7135  varied    9.1637   ratio  0.94340   diff  0.00000
  bin  12  nominal   13.2003  varied   12.4531   ratio  0.94340   diff  0.00000
  bin  13  nominal   12.3550  varied   11.6556   ratio  0.94340   diff  0.00000
  bin  14  nominal   25.1881  varied   23.7624   ratio  0.94340   diff  0.00000
[makeShapeCards_wzRun3:INFO]: Is normZZ nuisance shape? False
[makeShapeCards_wzRun3:INFO]: Wrote to ./check_discriminant_vars/./rebin14/m3lmet_Meas/wz-card.txt and ./check_discriminant_vars/./rebin14/m3lmet_Meas/wz-card.root .
